2018-10-20 00:19:52 startup archives unpack
2018-10-20 00:19:52 install libgdbm3:amd64 <none> 1.8.3-14
2018-10-20 00:19:52 status triggers-pending libc-bin:amd64 2.24-11+deb9u3
2018-10-20 00:19:52 status half-installed libgdbm3:amd64 1.8.3-14
2018-10-20 00:19:52 status unpacked libgdbm3:amd64 1.8.3-14
2018-10-20 00:19:52 status unpacked libgdbm3:amd64 1.8.3-14
2018-10-20 00:19:52 install libssl1.1:amd64 <none> 1.1.0f-3+deb9u2
2018-10-20 00:19:52 status half-installed libssl1.1:amd64 1.1.0f-3+deb9u2
2018-10-20 00:19:52 status unpacked libssl1.1:amd64 1.1.0f-3+deb9u2
2018-10-20 00:19:52 status unpacked libssl1.1:amd64 1.1.0f-3+deb9u2
2018-10-20 00:19:52 install libgmp10:amd64 <none> 2:6.1.2+dfsg-1
2018-10-20 00:19:52 status half-installed libgmp10:amd64 2:6.1.2+dfsg-1
2018-10-20 00:19:52 status unpacked libgmp10:amd64 2:6.1.2+dfsg-1
2018-10-20 00:19:52 status unpacked libgmp10:amd64 2:6.1.2+dfsg-1
2018-10-20 00:19:53 install libnettle6:amd64 <none> 3.3-1+b2
2018-10-20 00:19:53 status half-installed libnettle6:amd64 3.3-1+b2
2018-10-20 00:19:53 status unpacked libnettle6:amd64 3.3-1+b2
2018-10-20 00:19:53 status unpacked libnettle6:amd64 3.3-1+b2
2018-10-20 00:19:53 install libhogweed4:amd64 <none> 3.3-1+b2
2018-10-20 00:19:53 status half-installed libhogweed4:amd64 3.3-1+b2
2018-10-20 00:19:53 status unpacked libhogweed4:amd64 3.3-1+b2
2018-10-20 00:19:53 status unpacked libhogweed4:amd64 3.3-1+b2
2018-10-20 00:19:53 install libidn11:amd64 <none> 1.33-1
2018-10-20 00:19:53 status half-installed libidn11:amd64 1.33-1
2018-10-20 00:19:53 status unpacked libidn11:amd64 1.33-1
2018-10-20 00:19:53 status unpacked libidn11:amd64 1.33-1
2018-10-20 00:19:53 install libffi6:amd64 <none> 3.2.1-6
2018-10-20 00:19:53 status half-installed libffi6:amd64 3.2.1-6
2018-10-20 00:19:53 status unpacked libffi6:amd64 3.2.1-6
2018-10-20 00:19:53 status unpacked libffi6:amd64 3.2.1-6
2018-10-20 00:19:53 install libp11-kit0:amd64 <none> 0.23.3-2
2018-10-20 00:19:53 status half-installed libp11-kit0:amd64 0.23.3-2
2018-10-20 00:19:53 status unpacked libp11-kit0:amd64 0.23.3-2
2018-10-20 00:19:53 status unpacked libp11-kit0:amd64 0.23.3-2
2018-10-20 00:19:53 install libtasn1-6:amd64 <none> 4.10-1.1+deb9u1
2018-10-20 00:19:53 status half-installed libtasn1-6:amd64 4.10-1.1+deb9u1
2018-10-20 00:19:53 status unpacked libtasn1-6:amd64 4.10-1.1+deb9u1
2018-10-20 00:19:53 status unpacked libtasn1-6:amd64 4.10-1.1+deb9u1
2018-10-20 00:19:53 install libgnutls30:amd64 <none> 3.5.8-5+deb9u3
2018-10-20 00:19:53 status half-installed libgnutls30:amd64 3.5.8-5+deb9u3
2018-10-20 00:19:53 status unpacked libgnutls30:amd64 3.5.8-5+deb9u3
2018-10-20 00:19:53 status unpacked libgnutls30:amd64 3.5.8-5+deb9u3
2018-10-20 00:19:53 install libsasl2-modules-db:amd64 <none> 2.1.27~101-g0780600+dfsg-3
2018-10-20 00:19:53 status half-installed libsasl2-modules-db:amd64 2.1.27~101-g0780600+dfsg-3
2018-10-20 00:19:53 status unpacked libsasl2-modules-db:amd64 2.1.27~101-g0780600+dfsg-3
2018-10-20 00:19:53 status unpacked libsasl2-modules-db:amd64 2.1.27~101-g0780600+dfsg-3
2018-10-20 00:19:53 install libsasl2-2:amd64 <none> 2.1.27~101-g0780600+dfsg-3
2018-10-20 00:19:53 status half-installed libsasl2-2:amd64 2.1.27~101-g0780600+dfsg-3
2018-10-20 00:19:53 status unpacked libsasl2-2:amd64 2.1.27~101-g0780600+dfsg-3
2018-10-20 00:19:53 status unpacked libsasl2-2:amd64 2.1.27~101-g0780600+dfsg-3
2018-10-20 00:19:53 install libldap-common:all <none> 2.4.44+dfsg-5+deb9u2
2018-10-20 00:19:53 status half-installed libldap-common:all 2.4.44+dfsg-5+deb9u2
2018-10-20 00:19:53 status unpacked libldap-common:all 2.4.44+dfsg-5+deb9u2
2018-10-20 00:19:53 status unpacked libldap-common:all 2.4.44+dfsg-5+deb9u2
2018-10-20 00:19:53 install libldap-2.4-2:amd64 <none> 2.4.44+dfsg-5+deb9u2
2018-10-20 00:19:53 status half-installed libldap-2.4-2:amd64 2.4.44+dfsg-5+deb9u2
2018-10-20 00:19:53 status unpacked libldap-2.4-2:amd64 2.4.44+dfsg-5+deb9u2
2018-10-20 00:19:53 status unpacked libldap-2.4-2:amd64 2.4.44+dfsg-5+deb9u2
2018-10-20 00:19:53 install libapr1:amd64 <none> 1.5.2-5
2018-10-20 00:19:53 status half-installed libapr1:amd64 1.5.2-5
2018-10-20 00:19:53 status unpacked libapr1:amd64 1.5.2-5
2018-10-20 00:19:53 status unpacked libapr1:amd64 1.5.2-5
2018-10-20 00:19:53 install libc-dev-bin:amd64 <none> 2.24-11+deb9u3
2018-10-20 00:19:53 status half-installed libc-dev-bin:amd64 2.24-11+deb9u3
2018-10-20 00:19:53 status unpacked libc-dev-bin:amd64 2.24-11+deb9u3
2018-10-20 00:19:53 status unpacked libc-dev-bin:amd64 2.24-11+deb9u3
2018-10-20 00:19:53 install linux-libc-dev:amd64 <none> 4.9.110-3+deb9u6
2018-10-20 00:19:53 status half-installed linux-libc-dev:amd64 4.9.110-3+deb9u6
2018-10-20 00:19:53 status unpacked linux-libc-dev:amd64 4.9.110-3+deb9u6
2018-10-20 00:19:53 status unpacked linux-libc-dev:amd64 4.9.110-3+deb9u6
2018-10-20 00:19:53 install libc6-dev:amd64 <none> 2.24-11+deb9u3
2018-10-20 00:19:53 status half-installed libc6-dev:amd64 2.24-11+deb9u3
2018-10-20 00:19:54 status unpacked libc6-dev:amd64 2.24-11+deb9u3
2018-10-20 00:19:54 status unpacked libc6-dev:amd64 2.24-11+deb9u3
2018-10-20 00:19:54 install uuid-dev:amd64 <none> 2.29.2-1+deb9u1
2018-10-20 00:19:54 status half-installed uuid-dev:amd64 2.29.2-1+deb9u1
2018-10-20 00:19:54 status unpacked uuid-dev:amd64 2.29.2-1+deb9u1
2018-10-20 00:19:54 status unpacked uuid-dev:amd64 2.29.2-1+deb9u1
2018-10-20 00:19:54 install libsctp1:amd64 <none> 1.0.17+dfsg-1+b1
2018-10-20 00:19:54 status half-installed libsctp1:amd64 1.0.17+dfsg-1+b1
2018-10-20 00:19:54 status unpacked libsctp1:amd64 1.0.17+dfsg-1+b1
2018-10-20 00:19:54 status unpacked libsctp1:amd64 1.0.17+dfsg-1+b1
2018-10-20 00:19:54 install libsctp-dev:amd64 <none> 1.0.17+dfsg-1+b1
2018-10-20 00:19:54 status half-installed libsctp-dev:amd64 1.0.17+dfsg-1+b1
2018-10-20 00:19:54 status unpacked libsctp-dev:amd64 1.0.17+dfsg-1+b1
2018-10-20 00:19:54 status unpacked libsctp-dev:amd64 1.0.17+dfsg-1+b1
2018-10-20 00:19:54 install libapr1-dev:amd64 <none> 1.5.2-5
2018-10-20 00:19:54 status half-installed libapr1-dev:amd64 1.5.2-5
2018-10-20 00:19:54 status unpacked libapr1-dev:amd64 1.5.2-5
2018-10-20 00:19:54 status unpacked libapr1-dev:amd64 1.5.2-5
2018-10-20 00:19:54 install libexpat1:amd64 <none> 2.2.0-2+deb9u1
2018-10-20 00:19:54 status half-installed libexpat1:amd64 2.2.0-2+deb9u1
2018-10-20 00:19:54 status unpacked libexpat1:amd64 2.2.0-2+deb9u1
2018-10-20 00:19:54 status unpacked libexpat1:amd64 2.2.0-2+deb9u1
2018-10-20 00:19:54 install libaprutil1:amd64 <none> 1.5.4-3
2018-10-20 00:19:54 status half-installed libaprutil1:amd64 1.5.4-3
2018-10-20 00:19:54 status unpacked libaprutil1:amd64 1.5.4-3
2018-10-20 00:19:54 status unpacked libaprutil1:amd64 1.5.4-3
2018-10-20 00:19:54 install libldap2-dev:amd64 <none> 2.4.44+dfsg-5+deb9u2
2018-10-20 00:19:54 status half-installed libldap2-dev:amd64 2.4.44+dfsg-5+deb9u2
2018-10-20 00:19:54 status unpacked libldap2-dev:amd64 2.4.44+dfsg-5+deb9u2
2018-10-20 00:19:54 status unpacked libldap2-dev:amd64 2.4.44+dfsg-5+deb9u2
2018-10-20 00:19:54 install libexpat1-dev:amd64 <none> 2.2.0-2+deb9u1
2018-10-20 00:19:54 status half-installed libexpat1-dev:amd64 2.2.0-2+deb9u1
2018-10-20 00:19:54 status unpacked libexpat1-dev:amd64 2.2.0-2+deb9u1
2018-10-20 00:19:54 status unpacked libexpat1-dev:amd64 2.2.0-2+deb9u1
2018-10-20 00:19:54 install libaprutil1-dev:amd64 <none> 1.5.4-3
2018-10-20 00:19:54 status half-installed libaprutil1-dev:amd64 1.5.4-3
2018-10-20 00:19:54 status unpacked libaprutil1-dev:amd64 1.5.4-3
2018-10-20 00:19:54 status unpacked libaprutil1-dev:amd64 1.5.4-3
2018-10-20 00:19:54 install libaprutil1-ldap:amd64 <none> 1.5.4-3
2018-10-20 00:19:54 status half-installed libaprutil1-ldap:amd64 1.5.4-3
2018-10-20 00:19:54 status unpacked libaprutil1-ldap:amd64 1.5.4-3
2018-10-20 00:19:54 status unpacked libaprutil1-ldap:amd64 1.5.4-3
2018-10-20 00:19:54 startup packages configure
2018-10-20 00:19:54 configure libapr1:amd64 1.5.2-5 <none>
2018-10-20 00:19:54 status unpacked libapr1:amd64 1.5.2-5
2018-10-20 00:19:54 status half-configured libapr1:amd64 1.5.2-5
2018-10-20 00:19:54 status installed libapr1:amd64 1.5.2-5
2018-10-20 00:19:54 configure libgdbm3:amd64 1.8.3-14 <none>
2018-10-20 00:19:54 status unpacked libgdbm3:amd64 1.8.3-14
2018-10-20 00:19:54 status half-configured libgdbm3:amd64 1.8.3-14
2018-10-20 00:19:54 status installed libgdbm3:amd64 1.8.3-14
2018-10-20 00:19:54 configure libnettle6:amd64 3.3-1+b2 <none>
2018-10-20 00:19:54 status unpacked libnettle6:amd64 3.3-1+b2
2018-10-20 00:19:54 status half-configured libnettle6:amd64 3.3-1+b2
2018-10-20 00:19:54 status installed libnettle6:amd64 3.3-1+b2
2018-10-20 00:19:54 configure libexpat1:amd64 2.2.0-2+deb9u1 <none>
2018-10-20 00:19:54 status unpacked libexpat1:amd64 2.2.0-2+deb9u1
2018-10-20 00:19:54 status half-configured libexpat1:amd64 2.2.0-2+deb9u1
2018-10-20 00:19:54 status installed libexpat1:amd64 2.2.0-2+deb9u1
2018-10-20 00:19:54 configure libsctp1:amd64 1.0.17+dfsg-1+b1 <none>
2018-10-20 00:19:54 status unpacked libsctp1:amd64 1.0.17+dfsg-1+b1
2018-10-20 00:19:54 status half-configured libsctp1:amd64 1.0.17+dfsg-1+b1
2018-10-20 00:19:54 status installed libsctp1:amd64 1.0.17+dfsg-1+b1
2018-10-20 00:19:54 configure libldap-common:all 2.4.44+dfsg-5+deb9u2 <none>
2018-10-20 00:19:54 status unpacked libldap-common:all 2.4.44+dfsg-5+deb9u2
2018-10-20 00:19:54 status unpacked libldap-common:all 2.4.44+dfsg-5+deb9u2
2018-10-20 00:19:54 status half-configured libldap-common:all 2.4.44+dfsg-5+deb9u2
2018-10-20 00:19:54 status installed libldap-common:all 2.4.44+dfsg-5+deb9u2
2018-10-20 00:19:54 configure libsasl2-modules-db:amd64 2.1.27~101-g0780600+dfsg-3 <none>
2018-10-20 00:19:54 status unpacked libsasl2-modules-db:amd64 2.1.27~101-g0780600+dfsg-3
2018-10-20 00:19:54 status half-configured libsasl2-modules-db:amd64 2.1.27~101-g0780600+dfsg-3
2018-10-20 00:19:54 status installed libsasl2-modules-db:amd64 2.1.27~101-g0780600+dfsg-3
2018-10-20 00:19:54 configure linux-libc-dev:amd64 4.9.110-3+deb9u6 <none>
2018-10-20 00:19:54 status unpacked linux-libc-dev:amd64 4.9.110-3+deb9u6
2018-10-20 00:19:54 status half-configured linux-libc-dev:amd64 4.9.110-3+deb9u6
2018-10-20 00:19:54 status installed linux-libc-dev:amd64 4.9.110-3+deb9u6
2018-10-20 00:19:54 configure libsasl2-2:amd64 2.1.27~101-g0780600+dfsg-3 <none>
2018-10-20 00:19:54 status unpacked libsasl2-2:amd64 2.1.27~101-g0780600+dfsg-3
2018-10-20 00:19:54 status half-configured libsasl2-2:amd64 2.1.27~101-g0780600+dfsg-3
2018-10-20 00:19:54 status installed libsasl2-2:amd64 2.1.27~101-g0780600+dfsg-3
2018-10-20 00:19:54 configure libtasn1-6:amd64 4.10-1.1+deb9u1 <none>
2018-10-20 00:19:54 status unpacked libtasn1-6:amd64 4.10-1.1+deb9u1
2018-10-20 00:19:54 status half-configured libtasn1-6:amd64 4.10-1.1+deb9u1
2018-10-20 00:19:54 status installed libtasn1-6:amd64 4.10-1.1+deb9u1
2018-10-20 00:19:54 configure libgmp10:amd64 2:6.1.2+dfsg-1 <none>
2018-10-20 00:19:54 status unpacked libgmp10:amd64 2:6.1.2+dfsg-1
2018-10-20 00:19:54 status half-configured libgmp10:amd64 2:6.1.2+dfsg-1
2018-10-20 00:19:54 status installed libgmp10:amd64 2:6.1.2+dfsg-1
2018-10-20 00:19:54 trigproc libc-bin:amd64 2.24-11+deb9u3 <none>
2018-10-20 00:19:54 status half-configured libc-bin:amd64 2.24-11+deb9u3
2018-10-20 00:19:54 status installed libc-bin:amd64 2.24-11+deb9u3
2018-10-20 00:19:54 configure libssl1.1:amd64 1.1.0f-3+deb9u2 <none>
2018-10-20 00:19:54 status triggers-pending libc-bin:amd64 2.24-11+deb9u3
2018-10-20 00:19:54 status unpacked libssl1.1:amd64 1.1.0f-3+deb9u2
2018-10-20 00:19:54 status half-configured libssl1.1:amd64 1.1.0f-3+deb9u2
2018-10-20 00:19:54 status installed libssl1.1:amd64 1.1.0f-3+deb9u2
2018-10-20 00:19:54 configure libaprutil1:amd64 1.5.4-3 <none>
2018-10-20 00:19:54 status unpacked libaprutil1:amd64 1.5.4-3
2018-10-20 00:19:54 status half-configured libaprutil1:amd64 1.5.4-3
2018-10-20 00:19:54 status installed libaprutil1:amd64 1.5.4-3
2018-10-20 00:19:54 configure libffi6:amd64 3.2.1-6 <none>
2018-10-20 00:19:54 status unpacked libffi6:amd64 3.2.1-6
2018-10-20 00:19:54 status half-configured libffi6:amd64 3.2.1-6
2018-10-20 00:19:54 status installed libffi6:amd64 3.2.1-6
2018-10-20 00:19:54 configure libc-dev-bin:amd64 2.24-11+deb9u3 <none>
2018-10-20 00:19:54 status unpacked libc-dev-bin:amd64 2.24-11+deb9u3
2018-10-20 00:19:54 status half-configured libc-dev-bin:amd64 2.24-11+deb9u3
2018-10-20 00:19:54 status installed libc-dev-bin:amd64 2.24-11+deb9u3
2018-10-20 00:19:54 configure libc6-dev:amd64 2.24-11+deb9u3 <none>
2018-10-20 00:19:54 status unpacked libc6-dev:amd64 2.24-11+deb9u3
2018-10-20 00:19:55 status half-configured libc6-dev:amd64 2.24-11+deb9u3
2018-10-20 00:19:55 status installed libc6-dev:amd64 2.24-11+deb9u3
2018-10-20 00:19:55 configure libidn11:amd64 1.33-1 <none>
2018-10-20 00:19:55 status unpacked libidn11:amd64 1.33-1
2018-10-20 00:19:55 status half-configured libidn11:amd64 1.33-1
2018-10-20 00:19:55 status installed libidn11:amd64 1.33-1
2018-10-20 00:19:55 configure libsctp-dev:amd64 1.0.17+dfsg-1+b1 <none>
2018-10-20 00:19:55 status unpacked libsctp-dev:amd64 1.0.17+dfsg-1+b1
2018-10-20 00:19:55 status half-configured libsctp-dev:amd64 1.0.17+dfsg-1+b1
2018-10-20 00:19:55 status installed libsctp-dev:amd64 1.0.17+dfsg-1+b1
2018-10-20 00:19:55 configure uuid-dev:amd64 2.29.2-1+deb9u1 <none>
2018-10-20 00:19:55 status unpacked uuid-dev:amd64 2.29.2-1+deb9u1
2018-10-20 00:19:55 status half-configured uuid-dev:amd64 2.29.2-1+deb9u1
2018-10-20 00:19:55 status installed uuid-dev:amd64 2.29.2-1+deb9u1
2018-10-20 00:19:55 configure libhogweed4:amd64 3.3-1+b2 <none>
2018-10-20 00:19:55 status unpacked libhogweed4:amd64 3.3-1+b2
2018-10-20 00:19:55 status half-configured libhogweed4:amd64 3.3-1+b2
2018-10-20 00:19:55 status installed libhogweed4:amd64 3.3-1+b2
2018-10-20 00:19:55 configure libp11-kit0:amd64 0.23.3-2 <none>
2018-10-20 00:19:55 status unpacked libp11-kit0:amd64 0.23.3-2
2018-10-20 00:19:55 status half-configured libp11-kit0:amd64 0.23.3-2
2018-10-20 00:19:55 status installed libp11-kit0:amd64 0.23.3-2
2018-10-20 00:19:55 configure libexpat1-dev:amd64 2.2.0-2+deb9u1 <none>
2018-10-20 00:19:55 status unpacked libexpat1-dev:amd64 2.2.0-2+deb9u1
2018-10-20 00:19:55 status half-configured libexpat1-dev:amd64 2.2.0-2+deb9u1
2018-10-20 00:19:55 status installed libexpat1-dev:amd64 2.2.0-2+deb9u1
2018-10-20 00:19:55 configure libapr1-dev:amd64 1.5.2-5 <none>
2018-10-20 00:19:55 status unpacked libapr1-dev:amd64 1.5.2-5
2018-10-20 00:19:55 status half-configured libapr1-dev:amd64 1.5.2-5
2018-10-20 00:19:55 status installed libapr1-dev:amd64 1.5.2-5
2018-10-20 00:19:55 configure libgnutls30:amd64 3.5.8-5+deb9u3 <none>
2018-10-20 00:19:55 status unpacked libgnutls30:amd64 3.5.8-5+deb9u3
2018-10-20 00:19:55 status half-configured libgnutls30:amd64 3.5.8-5+deb9u3
2018-10-20 00:19:55 status installed libgnutls30:amd64 3.5.8-5+deb9u3
2018-10-20 00:19:55 configure libldap-2.4-2:amd64 2.4.44+dfsg-5+deb9u2 <none>
2018-10-20 00:19:55 status unpacked libldap-2.4-2:amd64 2.4.44+dfsg-5+deb9u2
2018-10-20 00:19:55 status half-configured libldap-2.4-2:amd64 2.4.44+dfsg-5+deb9u2
2018-10-20 00:19:55 status installed libldap-2.4-2:amd64 2.4.44+dfsg-5+deb9u2
2018-10-20 00:19:55 configure libaprutil1-ldap:amd64 1.5.4-3 <none>
2018-10-20 00:19:55 status unpacked libaprutil1-ldap:amd64 1.5.4-3
2018-10-20 00:19:55 status half-configured libaprutil1-ldap:amd64 1.5.4-3
2018-10-20 00:19:55 status installed libaprutil1-ldap:amd64 1.5.4-3
2018-10-20 00:19:55 configure libldap2-dev:amd64 2.4.44+dfsg-5+deb9u2 <none>
2018-10-20 00:19:55 status unpacked libldap2-dev:amd64 2.4.44+dfsg-5+deb9u2
2018-10-20 00:19:55 status half-configured libldap2-dev:amd64 2.4.44+dfsg-5+deb9u2
2018-10-20 00:19:55 status installed libldap2-dev:amd64 2.4.44+dfsg-5+deb9u2
2018-10-20 00:19:55 configure libaprutil1-dev:amd64 1.5.4-3 <none>
2018-10-20 00:19:55 status unpacked libaprutil1-dev:amd64 1.5.4-3
2018-10-20 00:19:55 status half-configured libaprutil1-dev:amd64 1.5.4-3
2018-10-20 00:19:55 status installed libaprutil1-dev:amd64 1.5.4-3
2018-10-20 00:19:55 trigproc libc-bin:amd64 2.24-11+deb9u3 <none>
2018-10-20 00:19:55 status half-configured libc-bin:amd64 2.24-11+deb9u3
2018-10-20 00:19:55 status installed libc-bin:amd64 2.24-11+deb9u3
2018-10-24 22:20:18 startup archives unpack
2018-10-24 22:20:18 install perl-modules-5.24:all <none> 5.24.1-3+deb9u4
2018-10-24 22:20:18 status half-installed perl-modules-5.24:all 5.24.1-3+deb9u4
2018-10-24 22:20:18 status unpacked perl-modules-5.24:all 5.24.1-3+deb9u4
2018-10-24 22:20:18 status unpacked perl-modules-5.24:all 5.24.1-3+deb9u4
2018-10-24 22:20:18 install libperl5.24:amd64 <none> 5.24.1-3+deb9u4
2018-10-24 22:20:18 status triggers-pending libc-bin:amd64 2.24-11+deb9u3
2018-10-24 22:20:18 status half-installed libperl5.24:amd64 5.24.1-3+deb9u4
2018-10-24 22:20:19 status unpacked libperl5.24:amd64 5.24.1-3+deb9u4
2018-10-24 22:20:19 status unpacked libperl5.24:amd64 5.24.1-3+deb9u4
2018-10-24 22:20:19 install perl:amd64 <none> 5.24.1-3+deb9u4
2018-10-24 22:20:19 status half-installed perl:amd64 5.24.1-3+deb9u4
2018-10-24 22:20:19 status unpacked perl:amd64 5.24.1-3+deb9u4
2018-10-24 22:20:19 status unpacked perl:amd64 5.24.1-3+deb9u4
2018-10-24 22:20:19 install libpcrecpp0v5:amd64 <none> 2:8.39-3
2018-10-24 22:20:19 status half-installed libpcrecpp0v5:amd64 2:8.39-3
2018-10-24 22:20:19 status unpacked libpcrecpp0v5:amd64 2:8.39-3
2018-10-24 22:20:19 status unpacked libpcrecpp0v5:amd64 2:8.39-3
2018-10-24 22:20:19 install libassuan0:amd64 <none> 2.4.3-2
2018-10-24 22:20:19 status half-installed libassuan0:amd64 2.4.3-2
2018-10-24 22:20:19 status unpacked libassuan0:amd64 2.4.3-2
2018-10-24 22:20:19 status unpacked libassuan0:amd64 2.4.3-2
2018-10-24 22:20:19 install pinentry-curses:amd64 <none> 1.0.0-2
2018-10-24 22:20:19 status half-installed pinentry-curses:amd64 1.0.0-2
2018-10-24 22:20:19 status unpacked pinentry-curses:amd64 1.0.0-2
2018-10-24 22:20:19 status unpacked pinentry-curses:amd64 1.0.0-2
2018-10-24 22:20:19 install libnpth0:amd64 <none> 1.3-1
2018-10-24 22:20:19 status half-installed libnpth0:amd64 1.3-1
2018-10-24 22:20:19 status unpacked libnpth0:amd64 1.3-1
2018-10-24 22:20:19 status unpacked libnpth0:amd64 1.3-1
2018-10-24 22:20:19 install readline-common:all <none> 7.0-3
2018-10-24 22:20:19 status half-installed readline-common:all 7.0-3
2018-10-24 22:20:19 status unpacked readline-common:all 7.0-3
2018-10-24 22:20:19 status unpacked readline-common:all 7.0-3
2018-10-24 22:20:19 install libreadline7:amd64 <none> 7.0-3
2018-10-24 22:20:19 status half-installed libreadline7:amd64 7.0-3
2018-10-24 22:20:19 status unpacked libreadline7:amd64 7.0-3
2018-10-24 22:20:19 status unpacked libreadline7:amd64 7.0-3
2018-10-24 22:20:19 install gnupg-agent:amd64 <none> 2.1.18-8~deb9u2
2018-10-24 22:20:19 status half-installed gnupg-agent:amd64 2.1.18-8~deb9u2
2018-10-24 22:20:19 status unpacked gnupg-agent:amd64 2.1.18-8~deb9u2
2018-10-24 22:20:19 status unpacked gnupg-agent:amd64 2.1.18-8~deb9u2
2018-10-24 22:20:19 install libksba8:amd64 <none> 1.3.5-2
2018-10-24 22:20:19 status half-installed libksba8:amd64 1.3.5-2
2018-10-24 22:20:19 status unpacked libksba8:amd64 1.3.5-2
2018-10-24 22:20:19 status unpacked libksba8:amd64 1.3.5-2
2018-10-24 22:20:19 install libsqlite3-0:amd64 <none> 3.16.2-5+deb9u1
2018-10-24 22:20:19 status half-installed libsqlite3-0:amd64 3.16.2-5+deb9u1
2018-10-24 22:20:19 status unpacked libsqlite3-0:amd64 3.16.2-5+deb9u1
2018-10-24 22:20:19 status unpacked libsqlite3-0:amd64 3.16.2-5+deb9u1
2018-10-24 22:20:19 install gnupg:amd64 <none> 2.1.18-8~deb9u2
2018-10-24 22:20:19 status half-installed gnupg:amd64 2.1.18-8~deb9u2
2018-10-24 22:20:20 status unpacked gnupg:amd64 2.1.18-8~deb9u2
2018-10-24 22:20:20 status unpacked gnupg:amd64 2.1.18-8~deb9u2
2018-10-24 22:20:20 install libunistring0:amd64 <none> 0.9.6+really0.9.3-0.1
2018-10-24 22:20:20 status half-installed libunistring0:amd64 0.9.6+really0.9.3-0.1
2018-10-24 22:20:20 status unpacked libunistring0:amd64 0.9.6+really0.9.3-0.1
2018-10-24 22:20:20 status unpacked libunistring0:amd64 0.9.6+really0.9.3-0.1
2018-10-24 22:20:20 install libidn2-0:amd64 <none> 0.16-1+deb9u1
2018-10-24 22:20:20 status half-installed libidn2-0:amd64 0.16-1+deb9u1
2018-10-24 22:20:20 status unpacked libidn2-0:amd64 0.16-1+deb9u1
2018-10-24 22:20:20 status unpacked libidn2-0:amd64 0.16-1+deb9u1
2018-10-24 22:20:20 install libpsl5:amd64 <none> 0.17.0-3
2018-10-24 22:20:20 status half-installed libpsl5:amd64 0.17.0-3
2018-10-24 22:20:20 status unpacked libpsl5:amd64 0.17.0-3
2018-10-24 22:20:20 status unpacked libpsl5:amd64 0.17.0-3
2018-10-24 22:20:20 install wget:amd64 <none> 1.18-5+deb9u2
2018-10-24 22:20:20 status half-installed wget:amd64 1.18-5+deb9u2
2018-10-24 22:20:20 status unpacked wget:amd64 1.18-5+deb9u2
2018-10-24 22:20:20 status unpacked wget:amd64 1.18-5+deb9u2
2018-10-24 22:20:20 install bzip2:amd64 <none> 1.0.6-8.1
2018-10-24 22:20:20 status half-installed bzip2:amd64 1.0.6-8.1
2018-10-24 22:20:20 status unpacked bzip2:amd64 1.0.6-8.1
2018-10-24 22:20:20 status unpacked bzip2:amd64 1.0.6-8.1
2018-10-24 22:20:20 install libicu57:amd64 <none> 57.1-6+deb9u2
2018-10-24 22:20:20 status half-installed libicu57:amd64 57.1-6+deb9u2
2018-10-24 22:20:21 status unpacked libicu57:amd64 57.1-6+deb9u2
2018-10-24 22:20:21 status unpacked libicu57:amd64 57.1-6+deb9u2
2018-10-24 22:20:21 install libxml2:amd64 <none> 2.9.4+dfsg1-2.2+deb9u2
2018-10-24 22:20:21 status half-installed libxml2:amd64 2.9.4+dfsg1-2.2+deb9u2
2018-10-24 22:20:21 status unpacked libxml2:amd64 2.9.4+dfsg1-2.2+deb9u2
2018-10-24 22:20:21 status unpacked libxml2:amd64 2.9.4+dfsg1-2.2+deb9u2
2018-10-24 22:20:21 install xz-utils:amd64 <none> 5.2.2-1.2+b1
2018-10-24 22:20:21 status half-installed xz-utils:amd64 5.2.2-1.2+b1
2018-10-24 22:20:21 status unpacked xz-utils:amd64 5.2.2-1.2+b1
2018-10-24 22:20:21 status unpacked xz-utils:amd64 5.2.2-1.2+b1
2018-10-24 22:20:21 install binutils:amd64 <none> 2.28-5
2018-10-24 22:20:21 status half-installed binutils:amd64 2.28-5
2018-10-24 22:20:21 status unpacked binutils:amd64 2.28-5
2018-10-24 22:20:21 status unpacked binutils:amd64 2.28-5
2018-10-24 22:20:21 install openssl:amd64 <none> 1.1.0f-3+deb9u2
2018-10-24 22:20:21 status half-installed openssl:amd64 1.1.0f-3+deb9u2
2018-10-24 22:20:21 status unpacked openssl:amd64 1.1.0f-3+deb9u2
2018-10-24 22:20:21 status unpacked openssl:amd64 1.1.0f-3+deb9u2
2018-10-24 22:20:21 install ca-certificates:all <none> 20161130+nmu1+deb9u1
2018-10-24 22:20:21 status half-installed ca-certificates:all 20161130+nmu1+deb9u1
2018-10-24 22:20:22 status unpacked ca-certificates:all 20161130+nmu1+deb9u1
2018-10-24 22:20:22 status unpacked ca-certificates:all 20161130+nmu1+deb9u1
2018-10-24 22:20:22 install libisl15:amd64 <none> 0.18-1
2018-10-24 22:20:22 status half-installed libisl15:amd64 0.18-1
2018-10-24 22:20:22 status unpacked libisl15:amd64 0.18-1
2018-10-24 22:20:22 status unpacked libisl15:amd64 0.18-1
2018-10-24 22:20:22 install libmpfr4:amd64 <none> 3.1.5-1
2018-10-24 22:20:22 status half-installed libmpfr4:amd64 3.1.5-1
2018-10-24 22:20:22 status unpacked libmpfr4:amd64 3.1.5-1
2018-10-24 22:20:22 status unpacked libmpfr4:amd64 3.1.5-1
2018-10-24 22:20:22 install libmpc3:amd64 <none> 1.0.3-1+b2
2018-10-24 22:20:22 status half-installed libmpc3:amd64 1.0.3-1+b2
2018-10-24 22:20:22 status unpacked libmpc3:amd64 1.0.3-1+b2
2018-10-24 22:20:22 status unpacked libmpc3:amd64 1.0.3-1+b2
2018-10-24 22:20:22 install cpp-6:amd64 <none> 6.3.0-18+deb9u1
2018-10-24 22:20:22 status half-installed cpp-6:amd64 6.3.0-18+deb9u1
2018-10-24 22:20:22 status unpacked cpp-6:amd64 6.3.0-18+deb9u1
2018-10-24 22:20:22 status unpacked cpp-6:amd64 6.3.0-18+deb9u1
2018-10-24 22:20:22 install cpp:amd64 <none> 4:6.3.0-4
2018-10-24 22:20:22 status half-installed cpp:amd64 4:6.3.0-4
2018-10-24 22:20:23 status unpacked cpp:amd64 4:6.3.0-4
2018-10-24 22:20:23 status unpacked cpp:amd64 4:6.3.0-4
2018-10-24 22:20:23 install dirmngr:amd64 <none> 2.1.18-8~deb9u2
2018-10-24 22:20:23 status half-installed dirmngr:amd64 2.1.18-8~deb9u2
2018-10-24 22:20:23 status unpacked dirmngr:amd64 2.1.18-8~deb9u2
2018-10-24 22:20:23 status unpacked dirmngr:amd64 2.1.18-8~deb9u2
2018-10-24 22:20:23 install libdpkg-perl:all <none> 1.18.25
2018-10-24 22:20:23 status half-installed libdpkg-perl:all 1.18.25
2018-10-24 22:20:23 status unpacked libdpkg-perl:all 1.18.25
2018-10-24 22:20:23 status unpacked libdpkg-perl:all 1.18.25
2018-10-24 22:20:23 install patch:amd64 <none> 2.7.5-1+deb9u1
2018-10-24 22:20:23 status half-installed patch:amd64 2.7.5-1+deb9u1
2018-10-24 22:20:23 status unpacked patch:amd64 2.7.5-1+deb9u1
2018-10-24 22:20:23 status unpacked patch:amd64 2.7.5-1+deb9u1
2018-10-24 22:20:23 install make:amd64 <none> 4.1-9.1
2018-10-24 22:20:23 status half-installed make:amd64 4.1-9.1
2018-10-24 22:20:23 status unpacked make:amd64 4.1-9.1
2018-10-24 22:20:23 status unpacked make:amd64 4.1-9.1
2018-10-24 22:20:23 install dpkg-dev:all <none> 1.18.25
2018-10-24 22:20:23 status half-installed dpkg-dev:all 1.18.25
2018-10-24 22:20:23 status unpacked dpkg-dev:all 1.18.25
2018-10-24 22:20:23 status unpacked dpkg-dev:all 1.18.25
2018-10-24 22:20:23 install libcc1-0:amd64 <none> 6.3.0-18+deb9u1
2018-10-24 22:20:23 status half-installed libcc1-0:amd64 6.3.0-18+deb9u1
2018-10-24 22:20:23 status unpacked libcc1-0:amd64 6.3.0-18+deb9u1
2018-10-24 22:20:23 status unpacked libcc1-0:amd64 6.3.0-18+deb9u1
2018-10-24 22:20:23 install libgomp1:amd64 <none> 6.3.0-18+deb9u1
2018-10-24 22:20:23 status half-installed libgomp1:amd64 6.3.0-18+deb9u1
2018-10-24 22:20:23 status unpacked libgomp1:amd64 6.3.0-18+deb9u1
2018-10-24 22:20:23 status unpacked libgomp1:amd64 6.3.0-18+deb9u1
2018-10-24 22:20:23 install libitm1:amd64 <none> 6.3.0-18+deb9u1
2018-10-24 22:20:23 status half-installed libitm1:amd64 6.3.0-18+deb9u1
2018-10-24 22:20:23 status unpacked libitm1:amd64 6.3.0-18+deb9u1
2018-10-24 22:20:23 status unpacked libitm1:amd64 6.3.0-18+deb9u1
2018-10-24 22:20:23 install libatomic1:amd64 <none> 6.3.0-18+deb9u1
2018-10-24 22:20:23 status half-installed libatomic1:amd64 6.3.0-18+deb9u1
2018-10-24 22:20:23 status unpacked libatomic1:amd64 6.3.0-18+deb9u1
2018-10-24 22:20:23 status unpacked libatomic1:amd64 6.3.0-18+deb9u1
2018-10-24 22:20:23 install libasan3:amd64 <none> 6.3.0-18+deb9u1
2018-10-24 22:20:23 status half-installed libasan3:amd64 6.3.0-18+deb9u1
2018-10-24 22:20:23 status unpacked libasan3:amd64 6.3.0-18+deb9u1
2018-10-24 22:20:23 status unpacked libasan3:amd64 6.3.0-18+deb9u1
2018-10-24 22:20:23 install liblsan0:amd64 <none> 6.3.0-18+deb9u1
2018-10-24 22:20:23 status half-installed liblsan0:amd64 6.3.0-18+deb9u1
2018-10-24 22:20:23 status unpacked liblsan0:amd64 6.3.0-18+deb9u1
2018-10-24 22:20:23 status unpacked liblsan0:amd64 6.3.0-18+deb9u1
2018-10-24 22:20:23 install libtsan0:amd64 <none> 6.3.0-18+deb9u1
2018-10-24 22:20:23 status half-installed libtsan0:amd64 6.3.0-18+deb9u1
2018-10-24 22:20:23 status unpacked libtsan0:amd64 6.3.0-18+deb9u1
2018-10-24 22:20:23 status unpacked libtsan0:amd64 6.3.0-18+deb9u1
2018-10-24 22:20:23 install libubsan0:amd64 <none> 6.3.0-18+deb9u1
2018-10-24 22:20:23 status half-installed libubsan0:amd64 6.3.0-18+deb9u1
2018-10-24 22:20:23 status unpacked libubsan0:amd64 6.3.0-18+deb9u1
2018-10-24 22:20:23 status unpacked libubsan0:amd64 6.3.0-18+deb9u1
2018-10-24 22:20:23 install libcilkrts5:amd64 <none> 6.3.0-18+deb9u1
2018-10-24 22:20:23 status half-installed libcilkrts5:amd64 6.3.0-18+deb9u1
2018-10-24 22:20:23 status unpacked libcilkrts5:amd64 6.3.0-18+deb9u1
2018-10-24 22:20:23 status unpacked libcilkrts5:amd64 6.3.0-18+deb9u1
2018-10-24 22:20:23 install libmpx2:amd64 <none> 6.3.0-18+deb9u1
2018-10-24 22:20:23 status half-installed libmpx2:amd64 6.3.0-18+deb9u1
2018-10-24 22:20:23 status unpacked libmpx2:amd64 6.3.0-18+deb9u1
2018-10-24 22:20:23 status unpacked libmpx2:amd64 6.3.0-18+deb9u1
2018-10-24 22:20:23 install libquadmath0:amd64 <none> 6.3.0-18+deb9u1
2018-10-24 22:20:23 status half-installed libquadmath0:amd64 6.3.0-18+deb9u1
2018-10-24 22:20:23 status unpacked libquadmath0:amd64 6.3.0-18+deb9u1
2018-10-24 22:20:23 status unpacked libquadmath0:amd64 6.3.0-18+deb9u1
2018-10-24 22:20:23 install libgcc-6-dev:amd64 <none> 6.3.0-18+deb9u1
2018-10-24 22:20:23 status half-installed libgcc-6-dev:amd64 6.3.0-18+deb9u1
2018-10-24 22:20:24 status unpacked libgcc-6-dev:amd64 6.3.0-18+deb9u1
2018-10-24 22:20:24 status unpacked libgcc-6-dev:amd64 6.3.0-18+deb9u1
2018-10-24 22:20:24 install gcc-6:amd64 <none> 6.3.0-18+deb9u1
2018-10-24 22:20:24 status half-installed gcc-6:amd64 6.3.0-18+deb9u1
2018-10-24 22:20:24 status unpacked gcc-6:amd64 6.3.0-18+deb9u1
2018-10-24 22:20:24 status unpacked gcc-6:amd64 6.3.0-18+deb9u1
2018-10-24 22:20:24 install gcc:amd64 <none> 4:6.3.0-4
2018-10-24 22:20:24 status half-installed gcc:amd64 4:6.3.0-4
2018-10-24 22:20:24 status unpacked gcc:amd64 4:6.3.0-4
2018-10-24 22:20:24 status unpacked gcc:amd64 4:6.3.0-4
2018-10-24 22:20:24 install icu-devtools:amd64 <none> 57.1-6+deb9u2
2018-10-24 22:20:24 status half-installed icu-devtools:amd64 57.1-6+deb9u2
2018-10-24 22:20:25 status unpacked icu-devtools:amd64 57.1-6+deb9u2
2018-10-24 22:20:25 status unpacked icu-devtools:amd64 57.1-6+deb9u2
2018-10-24 22:20:25 install libglib2.0-0:amd64 <none> 2.50.3-2
2018-10-24 22:20:25 status half-installed libglib2.0-0:amd64 2.50.3-2
2018-10-24 22:20:25 status unpacked libglib2.0-0:amd64 2.50.3-2
2018-10-24 22:20:25 status unpacked libglib2.0-0:amd64 2.50.3-2
2018-10-24 22:20:25 install libstdc++-6-dev:amd64 <none> 6.3.0-18+deb9u1
2018-10-24 22:20:25 status half-installed libstdc++-6-dev:amd64 6.3.0-18+deb9u1
2018-10-24 22:20:25 status unpacked libstdc++-6-dev:amd64 6.3.0-18+deb9u1
2018-10-24 22:20:25 status unpacked libstdc++-6-dev:amd64 6.3.0-18+deb9u1
2018-10-24 22:20:25 install libicu-dev:amd64 <none> 57.1-6+deb9u2
2018-10-24 22:20:25 status half-installed libicu-dev:amd64 57.1-6+deb9u2
2018-10-24 22:20:27 status unpacked libicu-dev:amd64 57.1-6+deb9u2
2018-10-24 22:20:27 status unpacked libicu-dev:amd64 57.1-6+deb9u2
2018-10-24 22:20:27 install liblua5.2-0:amd64 <none> 5.2.4-1.1+b2
2018-10-24 22:20:27 status half-installed liblua5.2-0:amd64 5.2.4-1.1+b2
2018-10-24 22:20:27 status unpacked liblua5.2-0:amd64 5.2.4-1.1+b2
2018-10-24 22:20:27 status unpacked liblua5.2-0:amd64 5.2.4-1.1+b2
2018-10-24 22:20:27 install libtinfo-dev:amd64 <none> 6.0+20161126-1+deb9u2
2018-10-24 22:20:27 status half-installed libtinfo-dev:amd64 6.0+20161126-1+deb9u2
2018-10-24 22:20:27 status unpacked libtinfo-dev:amd64 6.0+20161126-1+deb9u2
2018-10-24 22:20:27 status unpacked libtinfo-dev:amd64 6.0+20161126-1+deb9u2
2018-10-24 22:20:27 install libreadline-dev:amd64 <none> 7.0-3
2018-10-24 22:20:27 status half-installed libreadline-dev:amd64 7.0-3
2018-10-24 22:20:27 status unpacked libreadline-dev:amd64 7.0-3
2018-10-24 22:20:27 status unpacked libreadline-dev:amd64 7.0-3
2018-10-24 22:20:27 install liblua5.2-dev:amd64 <none> 5.2.4-1.1+b2
2018-10-24 22:20:27 status half-installed liblua5.2-dev:amd64 5.2.4-1.1+b2
2018-10-24 22:20:27 status unpacked liblua5.2-dev:amd64 5.2.4-1.1+b2
2018-10-24 22:20:27 status unpacked liblua5.2-dev:amd64 5.2.4-1.1+b2
2018-10-24 22:20:27 install libnghttp2-14:amd64 <none> 1.18.1-1
2018-10-24 22:20:27 status half-installed libnghttp2-14:amd64 1.18.1-1
2018-10-24 22:20:27 status unpacked libnghttp2-14:amd64 1.18.1-1
2018-10-24 22:20:27 status unpacked libnghttp2-14:amd64 1.18.1-1
2018-10-24 22:20:27 install pkg-config:amd64 <none> 0.29-4+b1
2018-10-24 22:20:27 status half-installed pkg-config:amd64 0.29-4+b1
2018-10-24 22:20:27 status unpacked pkg-config:amd64 0.29-4+b1
2018-10-24 22:20:27 status unpacked pkg-config:amd64 0.29-4+b1
2018-10-24 22:20:27 install libnghttp2-dev:amd64 <none> 1.18.1-1
2018-10-24 22:20:27 status half-installed libnghttp2-dev:amd64 1.18.1-1
2018-10-24 22:20:27 status unpacked libnghttp2-dev:amd64 1.18.1-1
2018-10-24 22:20:27 status unpacked libnghttp2-dev:amd64 1.18.1-1
2018-10-24 22:20:27 install libpcre16-3:amd64 <none> 2:8.39-3
2018-10-24 22:20:27 status half-installed libpcre16-3:amd64 2:8.39-3
2018-10-24 22:20:27 status unpacked libpcre16-3:amd64 2:8.39-3
2018-10-24 22:20:27 status unpacked libpcre16-3:amd64 2:8.39-3
2018-10-24 22:20:27 install libpcre32-3:amd64 <none> 2:8.39-3
2018-10-24 22:20:27 status half-installed libpcre32-3:amd64 2:8.39-3
2018-10-24 22:20:27 status unpacked libpcre32-3:amd64 2:8.39-3
2018-10-24 22:20:27 status unpacked libpcre32-3:amd64 2:8.39-3
2018-10-24 22:20:27 install libpcre3-dev:amd64 <none> 2:8.39-3
2018-10-24 22:20:27 status half-installed libpcre3-dev:amd64 2:8.39-3
2018-10-24 22:20:27 status unpacked libpcre3-dev:amd64 2:8.39-3
2018-10-24 22:20:27 status unpacked libpcre3-dev:amd64 2:8.39-3
2018-10-24 22:20:27 install libssl-dev:amd64 <none> 1.1.0f-3+deb9u2
2018-10-24 22:20:27 status half-installed libssl-dev:amd64 1.1.0f-3+deb9u2
2018-10-24 22:20:28 status unpacked libssl-dev:amd64 1.1.0f-3+deb9u2
2018-10-24 22:20:28 status unpacked libssl-dev:amd64 1.1.0f-3+deb9u2
2018-10-24 22:20:28 install libxml2-dev:amd64 <none> 2.9.4+dfsg1-2.2+deb9u2
2018-10-24 22:20:28 status half-installed libxml2-dev:amd64 2.9.4+dfsg1-2.2+deb9u2
2018-10-24 22:20:28 status unpacked libxml2-dev:amd64 2.9.4+dfsg1-2.2+deb9u2
2018-10-24 22:20:28 status unpacked libxml2-dev:amd64 2.9.4+dfsg1-2.2+deb9u2
2018-10-24 22:20:28 install zlib1g-dev:amd64 <none> 1:1.2.8.dfsg-5
2018-10-24 22:20:28 status half-installed zlib1g-dev:amd64 1:1.2.8.dfsg-5
2018-10-24 22:20:28 status unpacked zlib1g-dev:amd64 1:1.2.8.dfsg-5
2018-10-24 22:20:28 status unpacked zlib1g-dev:amd64 1:1.2.8.dfsg-5
2018-10-24 22:20:28 startup packages configure
2018-10-24 22:20:28 configure libquadmath0:amd64 6.3.0-18+deb9u1 <none>
2018-10-24 22:20:28 status unpacked libquadmath0:amd64 6.3.0-18+deb9u1
2018-10-24 22:20:28 status half-configured libquadmath0:amd64 6.3.0-18+deb9u1
2018-10-24 22:20:28 status installed libquadmath0:amd64 6.3.0-18+deb9u1
2018-10-24 22:20:28 configure libnpth0:amd64 1.3-1 <none>
2018-10-24 22:20:28 status unpacked libnpth0:amd64 1.3-1
2018-10-24 22:20:28 status half-configured libnpth0:amd64 1.3-1
2018-10-24 22:20:28 status installed libnpth0:amd64 1.3-1
2018-10-24 22:20:28 configure libgomp1:amd64 6.3.0-18+deb9u1 <none>
2018-10-24 22:20:28 status unpacked libgomp1:amd64 6.3.0-18+deb9u1
2018-10-24 22:20:28 status half-configured libgomp1:amd64 6.3.0-18+deb9u1
2018-10-24 22:20:28 status installed libgomp1:amd64 6.3.0-18+deb9u1
2018-10-24 22:20:28 configure libatomic1:amd64 6.3.0-18+deb9u1 <none>
2018-10-24 22:20:28 status unpacked libatomic1:amd64 6.3.0-18+deb9u1
2018-10-24 22:20:28 status half-configured libatomic1:amd64 6.3.0-18+deb9u1
2018-10-24 22:20:28 status installed libatomic1:amd64 6.3.0-18+deb9u1
2018-10-24 22:20:28 configure readline-common:all 7.0-3 <none>
2018-10-24 22:20:28 status unpacked readline-common:all 7.0-3
2018-10-24 22:20:28 status half-configured readline-common:all 7.0-3
2018-10-24 22:20:28 status installed readline-common:all 7.0-3
2018-10-24 22:20:28 configure perl-modules-5.24:all 5.24.1-3+deb9u4 <none>
2018-10-24 22:20:28 status unpacked perl-modules-5.24:all 5.24.1-3+deb9u4
2018-10-24 22:20:28 status half-configured perl-modules-5.24:all 5.24.1-3+deb9u4
2018-10-24 22:20:28 status installed perl-modules-5.24:all 5.24.1-3+deb9u4
2018-10-24 22:20:28 configure libperl5.24:amd64 5.24.1-3+deb9u4 <none>
2018-10-24 22:20:28 status unpacked libperl5.24:amd64 5.24.1-3+deb9u4
2018-10-24 22:20:28 status half-configured libperl5.24:amd64 5.24.1-3+deb9u4
2018-10-24 22:20:28 status installed libperl5.24:amd64 5.24.1-3+deb9u4
2018-10-24 22:20:28 configure libcc1-0:amd64 6.3.0-18+deb9u1 <none>
2018-10-24 22:20:28 status unpacked libcc1-0:amd64 6.3.0-18+deb9u1
2018-10-24 22:20:28 status half-configured libcc1-0:amd64 6.3.0-18+deb9u1
2018-10-24 22:20:28 status installed libcc1-0:amd64 6.3.0-18+deb9u1
2018-10-24 22:20:28 configure make:amd64 4.1-9.1 <none>
2018-10-24 22:20:28 status unpacked make:amd64 4.1-9.1
2018-10-24 22:20:28 status half-configured make:amd64 4.1-9.1
2018-10-24 22:20:28 status installed make:amd64 4.1-9.1
2018-10-24 22:20:28 configure libasan3:amd64 6.3.0-18+deb9u1 <none>
2018-10-24 22:20:28 status unpacked libasan3:amd64 6.3.0-18+deb9u1
2018-10-24 22:20:28 status half-configured libasan3:amd64 6.3.0-18+deb9u1
2018-10-24 22:20:28 status installed libasan3:amd64 6.3.0-18+deb9u1
2018-10-24 22:20:28 configure libnghttp2-14:amd64 1.18.1-1 <none>
2018-10-24 22:20:28 status unpacked libnghttp2-14:amd64 1.18.1-1
2018-10-24 22:20:28 status half-configured libnghttp2-14:amd64 1.18.1-1
2018-10-24 22:20:28 status installed libnghttp2-14:amd64 1.18.1-1
2018-10-24 22:20:28 configure libcilkrts5:amd64 6.3.0-18+deb9u1 <none>
2018-10-24 22:20:28 status unpacked libcilkrts5:amd64 6.3.0-18+deb9u1
2018-10-24 22:20:28 status half-configured libcilkrts5:amd64 6.3.0-18+deb9u1
2018-10-24 22:20:28 status installed libcilkrts5:amd64 6.3.0-18+deb9u1
2018-10-24 22:20:28 configure libreadline7:amd64 7.0-3 <none>
2018-10-24 22:20:28 status unpacked libreadline7:amd64 7.0-3
2018-10-24 22:20:28 status half-configured libreadline7:amd64 7.0-3
2018-10-24 22:20:28 status installed libreadline7:amd64 7.0-3
2018-10-24 22:20:28 configure libubsan0:amd64 6.3.0-18+deb9u1 <none>
2018-10-24 22:20:28 status unpacked libubsan0:amd64 6.3.0-18+deb9u1
2018-10-24 22:20:28 status half-configured libubsan0:amd64 6.3.0-18+deb9u1
2018-10-24 22:20:28 status installed libubsan0:amd64 6.3.0-18+deb9u1
2018-10-24 22:20:28 configure libtsan0:amd64 6.3.0-18+deb9u1 <none>
2018-10-24 22:20:28 status unpacked libtsan0:amd64 6.3.0-18+deb9u1
2018-10-24 22:20:28 status half-configured libtsan0:amd64 6.3.0-18+deb9u1
2018-10-24 22:20:28 status installed libtsan0:amd64 6.3.0-18+deb9u1
2018-10-24 22:20:28 configure libssl-dev:amd64 1.1.0f-3+deb9u2 <none>
2018-10-24 22:20:28 status unpacked libssl-dev:amd64 1.1.0f-3+deb9u2
2018-10-24 22:20:28 status half-configured libssl-dev:amd64 1.1.0f-3+deb9u2
2018-10-24 22:20:28 status installed libssl-dev:amd64 1.1.0f-3+deb9u2
2018-10-24 22:20:28 configure libglib2.0-0:amd64 2.50.3-2 <none>
2018-10-24 22:20:28 status unpacked libglib2.0-0:amd64 2.50.3-2
2018-10-24 22:20:28 status half-configured libglib2.0-0:amd64 2.50.3-2
2018-10-24 22:20:28 status installed libglib2.0-0:amd64 2.50.3-2
2018-10-24 22:20:28 configure libtinfo-dev:amd64 6.0+20161126-1+deb9u2 <none>
2018-10-24 22:20:28 status unpacked libtinfo-dev:amd64 6.0+20161126-1+deb9u2
2018-10-24 22:20:28 status half-configured libtinfo-dev:amd64 6.0+20161126-1+deb9u2
2018-10-24 22:20:28 status installed libtinfo-dev:amd64 6.0+20161126-1+deb9u2
2018-10-24 22:20:28 configure libksba8:amd64 1.3.5-2 <none>
2018-10-24 22:20:28 status unpacked libksba8:amd64 1.3.5-2
2018-10-24 22:20:28 status half-configured libksba8:amd64 1.3.5-2
2018-10-24 22:20:28 status installed libksba8:amd64 1.3.5-2
2018-10-24 22:20:28 configure libicu57:amd64 57.1-6+deb9u2 <none>
2018-10-24 22:20:28 status unpacked libicu57:amd64 57.1-6+deb9u2
2018-10-24 22:20:28 status half-configured libicu57:amd64 57.1-6+deb9u2
2018-10-24 22:20:28 status installed libicu57:amd64 57.1-6+deb9u2
2018-10-24 22:20:28 configure libxml2:amd64 2.9.4+dfsg1-2.2+deb9u2 <none>
2018-10-24 22:20:28 status unpacked libxml2:amd64 2.9.4+dfsg1-2.2+deb9u2
2018-10-24 22:20:28 status half-configured libxml2:amd64 2.9.4+dfsg1-2.2+deb9u2
2018-10-24 22:20:28 status installed libxml2:amd64 2.9.4+dfsg1-2.2+deb9u2
2018-10-24 22:20:28 configure bzip2:amd64 1.0.6-8.1 <none>
2018-10-24 22:20:28 status unpacked bzip2:amd64 1.0.6-8.1
2018-10-24 22:20:28 status half-configured bzip2:amd64 1.0.6-8.1
2018-10-24 22:20:28 status installed bzip2:amd64 1.0.6-8.1
2018-10-24 22:20:28 configure liblsan0:amd64 6.3.0-18+deb9u1 <none>
2018-10-24 22:20:28 status unpacked liblsan0:amd64 6.3.0-18+deb9u1
2018-10-24 22:20:28 status half-configured liblsan0:amd64 6.3.0-18+deb9u1
2018-10-24 22:20:28 status installed liblsan0:amd64 6.3.0-18+deb9u1
2018-10-24 22:20:28 configure perl:amd64 5.24.1-3+deb9u4 <none>
2018-10-24 22:20:28 status unpacked perl:amd64 5.24.1-3+deb9u4
2018-10-24 22:20:28 status unpacked perl:amd64 5.24.1-3+deb9u4
2018-10-24 22:20:28 status unpacked perl:amd64 5.24.1-3+deb9u4
2018-10-24 22:20:28 status half-configured perl:amd64 5.24.1-3+deb9u4
2018-10-24 22:20:28 status installed perl:amd64 5.24.1-3+deb9u4
2018-10-24 22:20:28 configure libmpx2:amd64 6.3.0-18+deb9u1 <none>
2018-10-24 22:20:28 status unpacked libmpx2:amd64 6.3.0-18+deb9u1
2018-10-24 22:20:28 status half-configured libmpx2:amd64 6.3.0-18+deb9u1
2018-10-24 22:20:28 status installed libmpx2:amd64 6.3.0-18+deb9u1
2018-10-24 22:20:28 configure libisl15:amd64 0.18-1 <none>
2018-10-24 22:20:28 status unpacked libisl15:amd64 0.18-1
2018-10-24 22:20:28 status half-configured libisl15:amd64 0.18-1
2018-10-24 22:20:28 status installed libisl15:amd64 0.18-1
2018-10-24 22:20:28 configure patch:amd64 2.7.5-1+deb9u1 <none>
2018-10-24 22:20:28 status unpacked patch:amd64 2.7.5-1+deb9u1
2018-10-24 22:20:28 status half-configured patch:amd64 2.7.5-1+deb9u1
2018-10-24 22:20:28 status installed patch:amd64 2.7.5-1+deb9u1
2018-10-24 22:20:28 trigproc libc-bin:amd64 2.24-11+deb9u3 <none>
2018-10-24 22:20:28 status half-configured libc-bin:amd64 2.24-11+deb9u3
2018-10-24 22:20:28 status installed libc-bin:amd64 2.24-11+deb9u3
2018-10-24 22:20:28 configure libunistring0:amd64 0.9.6+really0.9.3-0.1 <none>
2018-10-24 22:20:28 status triggers-pending libc-bin:amd64 2.24-11+deb9u3
2018-10-24 22:20:28 status unpacked libunistring0:amd64 0.9.6+really0.9.3-0.1
2018-10-24 22:20:28 status half-configured libunistring0:amd64 0.9.6+really0.9.3-0.1
2018-10-24 22:20:28 status installed libunistring0:amd64 0.9.6+really0.9.3-0.1
2018-10-24 22:20:28 configure xz-utils:amd64 5.2.2-1.2+b1 <none>
2018-10-24 22:20:28 status unpacked xz-utils:amd64 5.2.2-1.2+b1
2018-10-24 22:20:28 status half-configured xz-utils:amd64 5.2.2-1.2+b1
2018-10-24 22:20:28 status installed xz-utils:amd64 5.2.2-1.2+b1
2018-10-24 22:20:28 configure openssl:amd64 1.1.0f-3+deb9u2 <none>
2018-10-24 22:20:28 status unpacked openssl:amd64 1.1.0f-3+deb9u2
2018-10-24 22:20:28 status unpacked openssl:amd64 1.1.0f-3+deb9u2
2018-10-24 22:20:28 status half-configured openssl:amd64 1.1.0f-3+deb9u2
2018-10-24 22:20:28 status installed openssl:amd64 1.1.0f-3+deb9u2
2018-10-24 22:20:28 configure libreadline-dev:amd64 7.0-3 <none>
2018-10-24 22:20:28 status unpacked libreadline-dev:amd64 7.0-3
2018-10-24 22:20:28 status half-configured libreadline-dev:amd64 7.0-3
2018-10-24 22:20:28 status installed libreadline-dev:amd64 7.0-3
2018-10-24 22:20:28 configure libsqlite3-0:amd64 3.16.2-5+deb9u1 <none>
2018-10-24 22:20:28 status unpacked libsqlite3-0:amd64 3.16.2-5+deb9u1
2018-10-24 22:20:28 status half-configured libsqlite3-0:amd64 3.16.2-5+deb9u1
2018-10-24 22:20:28 status installed libsqlite3-0:amd64 3.16.2-5+deb9u1
2018-10-24 22:20:28 configure libmpfr4:amd64 3.1.5-1 <none>
2018-10-24 22:20:28 status unpacked libmpfr4:amd64 3.1.5-1
2018-10-24 22:20:28 status half-configured libmpfr4:amd64 3.1.5-1
2018-10-24 22:20:28 status installed libmpfr4:amd64 3.1.5-1
2018-10-24 22:20:28 configure libpcrecpp0v5:amd64 2:8.39-3 <none>
2018-10-24 22:20:28 status unpacked libpcrecpp0v5:amd64 2:8.39-3
2018-10-24 22:20:28 status half-configured libpcrecpp0v5:amd64 2:8.39-3
2018-10-24 22:20:28 status installed libpcrecpp0v5:amd64 2:8.39-3
2018-10-24 22:20:28 configure libpcre32-3:amd64 2:8.39-3 <none>
2018-10-24 22:20:28 status unpacked libpcre32-3:amd64 2:8.39-3
2018-10-24 22:20:28 status half-configured libpcre32-3:amd64 2:8.39-3
2018-10-24 22:20:28 status installed libpcre32-3:amd64 2:8.39-3
2018-10-24 22:20:28 configure libmpc3:amd64 1.0.3-1+b2 <none>
2018-10-24 22:20:28 status unpacked libmpc3:amd64 1.0.3-1+b2
2018-10-24 22:20:28 status half-configured libmpc3:amd64 1.0.3-1+b2
2018-10-24 22:20:28 status installed libmpc3:amd64 1.0.3-1+b2
2018-10-24 22:20:28 configure binutils:amd64 2.28-5 <none>
2018-10-24 22:20:28 status unpacked binutils:amd64 2.28-5
2018-10-24 22:20:28 status half-configured binutils:amd64 2.28-5
2018-10-24 22:20:28 status installed binutils:amd64 2.28-5
2018-10-24 22:20:28 configure cpp-6:amd64 6.3.0-18+deb9u1 <none>
2018-10-24 22:20:28 status unpacked cpp-6:amd64 6.3.0-18+deb9u1
2018-10-24 22:20:28 status half-configured cpp-6:amd64 6.3.0-18+deb9u1
2018-10-24 22:20:28 status installed cpp-6:amd64 6.3.0-18+deb9u1
2018-10-24 22:20:28 configure icu-devtools:amd64 57.1-6+deb9u2 <none>
2018-10-24 22:20:28 status unpacked icu-devtools:amd64 57.1-6+deb9u2
2018-10-24 22:20:28 status half-configured icu-devtools:amd64 57.1-6+deb9u2
2018-10-24 22:20:28 status installed icu-devtools:amd64 57.1-6+deb9u2
2018-10-24 22:20:28 configure liblua5.2-0:amd64 5.2.4-1.1+b2 <none>
2018-10-24 22:20:28 status unpacked liblua5.2-0:amd64 5.2.4-1.1+b2
2018-10-24 22:20:28 status half-configured liblua5.2-0:amd64 5.2.4-1.1+b2
2018-10-24 22:20:28 status installed liblua5.2-0:amd64 5.2.4-1.1+b2
2018-10-24 22:20:28 configure libpcre16-3:amd64 2:8.39-3 <none>
2018-10-24 22:20:28 status unpacked libpcre16-3:amd64 2:8.39-3
2018-10-24 22:20:28 status half-configured libpcre16-3:amd64 2:8.39-3
2018-10-24 22:20:28 status installed libpcre16-3:amd64 2:8.39-3
2018-10-24 22:20:28 configure ca-certificates:all 20161130+nmu1+deb9u1 <none>
2018-10-24 22:20:28 status unpacked ca-certificates:all 20161130+nmu1+deb9u1
2018-10-24 22:20:28 status half-configured ca-certificates:all 20161130+nmu1+deb9u1
2018-10-24 22:20:30 status installed ca-certificates:all 20161130+nmu1+deb9u1
2018-10-24 22:20:30 status triggers-pending ca-certificates:all 20161130+nmu1+deb9u1
2018-10-24 22:20:30 configure libassuan0:amd64 2.4.3-2 <none>
2018-10-24 22:20:30 status unpacked libassuan0:amd64 2.4.3-2
2018-10-24 22:20:30 status half-configured libassuan0:amd64 2.4.3-2
2018-10-24 22:20:30 status installed libassuan0:amd64 2.4.3-2
2018-10-24 22:20:30 configure libitm1:amd64 6.3.0-18+deb9u1 <none>
2018-10-24 22:20:30 status unpacked libitm1:amd64 6.3.0-18+deb9u1
2018-10-24 22:20:30 status half-configured libitm1:amd64 6.3.0-18+deb9u1
2018-10-24 22:20:30 status installed libitm1:amd64 6.3.0-18+deb9u1
2018-10-24 22:20:30 configure zlib1g-dev:amd64 1:1.2.8.dfsg-5 <none>
2018-10-24 22:20:30 status unpacked zlib1g-dev:amd64 1:1.2.8.dfsg-5
2018-10-24 22:20:30 status half-configured zlib1g-dev:amd64 1:1.2.8.dfsg-5
2018-10-24 22:20:30 status installed zlib1g-dev:amd64 1:1.2.8.dfsg-5
2018-10-24 22:20:30 configure cpp:amd64 4:6.3.0-4 <none>
2018-10-24 22:20:30 status unpacked cpp:amd64 4:6.3.0-4
2018-10-24 22:20:30 status half-configured cpp:amd64 4:6.3.0-4
2018-10-24 22:20:31 status installed cpp:amd64 4:6.3.0-4
2018-10-24 22:20:31 configure libpcre3-dev:amd64 2:8.39-3 <none>
2018-10-24 22:20:31 status unpacked libpcre3-dev:amd64 2:8.39-3
2018-10-24 22:20:31 status half-configured libpcre3-dev:amd64 2:8.39-3
2018-10-24 22:20:31 status installed libpcre3-dev:amd64 2:8.39-3
2018-10-24 22:20:31 configure libidn2-0:amd64 0.16-1+deb9u1 <none>
2018-10-24 22:20:31 status unpacked libidn2-0:amd64 0.16-1+deb9u1
2018-10-24 22:20:31 status half-configured libidn2-0:amd64 0.16-1+deb9u1
2018-10-24 22:20:31 status installed libidn2-0:amd64 0.16-1+deb9u1
2018-10-24 22:20:31 configure libgcc-6-dev:amd64 6.3.0-18+deb9u1 <none>
2018-10-24 22:20:31 status unpacked libgcc-6-dev:amd64 6.3.0-18+deb9u1
2018-10-24 22:20:31 status half-configured libgcc-6-dev:amd64 6.3.0-18+deb9u1
2018-10-24 22:20:31 status installed libgcc-6-dev:amd64 6.3.0-18+deb9u1
2018-10-24 22:20:31 configure libstdc++-6-dev:amd64 6.3.0-18+deb9u1 <none>
2018-10-24 22:20:31 status unpacked libstdc++-6-dev:amd64 6.3.0-18+deb9u1
2018-10-24 22:20:31 status half-configured libstdc++-6-dev:amd64 6.3.0-18+deb9u1
2018-10-24 22:20:31 status installed libstdc++-6-dev:amd64 6.3.0-18+deb9u1
2018-10-24 22:20:31 configure libpsl5:amd64 0.17.0-3 <none>
2018-10-24 22:20:31 status unpacked libpsl5:amd64 0.17.0-3
2018-10-24 22:20:31 status half-configured libpsl5:amd64 0.17.0-3
2018-10-24 22:20:31 status installed libpsl5:amd64 0.17.0-3
2018-10-24 22:20:31 configure libdpkg-perl:all 1.18.25 <none>
2018-10-24 22:20:31 status unpacked libdpkg-perl:all 1.18.25
2018-10-24 22:20:31 status half-configured libdpkg-perl:all 1.18.25
2018-10-24 22:20:31 status installed libdpkg-perl:all 1.18.25
2018-10-24 22:20:31 configure libicu-dev:amd64 57.1-6+deb9u2 <none>
2018-10-24 22:20:31 status unpacked libicu-dev:amd64 57.1-6+deb9u2
2018-10-24 22:20:31 status half-configured libicu-dev:amd64 57.1-6+deb9u2
2018-10-24 22:20:31 status installed libicu-dev:amd64 57.1-6+deb9u2
2018-10-24 22:20:31 configure gcc-6:amd64 6.3.0-18+deb9u1 <none>
2018-10-24 22:20:31 status unpacked gcc-6:amd64 6.3.0-18+deb9u1
2018-10-24 22:20:31 status half-configured gcc-6:amd64 6.3.0-18+deb9u1
2018-10-24 22:20:31 status installed gcc-6:amd64 6.3.0-18+deb9u1
2018-10-24 22:20:31 configure libxml2-dev:amd64 2.9.4+dfsg1-2.2+deb9u2 <none>
2018-10-24 22:20:31 status unpacked libxml2-dev:amd64 2.9.4+dfsg1-2.2+deb9u2
2018-10-24 22:20:31 status half-configured libxml2-dev:amd64 2.9.4+dfsg1-2.2+deb9u2
2018-10-24 22:20:31 status installed libxml2-dev:amd64 2.9.4+dfsg1-2.2+deb9u2
2018-10-24 22:20:31 configure pkg-config:amd64 0.29-4+b1 <none>
2018-10-24 22:20:31 status unpacked pkg-config:amd64 0.29-4+b1
2018-10-24 22:20:31 status unpacked pkg-config:amd64 0.29-4+b1
2018-10-24 22:20:31 status half-configured pkg-config:amd64 0.29-4+b1
2018-10-24 22:20:31 status installed pkg-config:amd64 0.29-4+b1
2018-10-24 22:20:31 configure liblua5.2-dev:amd64 5.2.4-1.1+b2 <none>
2018-10-24 22:20:31 status unpacked liblua5.2-dev:amd64 5.2.4-1.1+b2
2018-10-24 22:20:31 status half-configured liblua5.2-dev:amd64 5.2.4-1.1+b2
2018-10-24 22:20:31 status installed liblua5.2-dev:amd64 5.2.4-1.1+b2
2018-10-24 22:20:31 configure dpkg-dev:all 1.18.25 <none>
2018-10-24 22:20:31 status unpacked dpkg-dev:all 1.18.25
2018-10-24 22:20:31 status unpacked dpkg-dev:all 1.18.25
2018-10-24 22:20:31 status unpacked dpkg-dev:all 1.18.25
2018-10-24 22:20:31 status half-configured dpkg-dev:all 1.18.25
2018-10-24 22:20:31 status installed dpkg-dev:all 1.18.25
2018-10-24 22:20:31 configure wget:amd64 1.18-5+deb9u2 <none>
2018-10-24 22:20:31 status unpacked wget:amd64 1.18-5+deb9u2
2018-10-24 22:20:31 status unpacked wget:amd64 1.18-5+deb9u2
2018-10-24 22:20:31 status half-configured wget:amd64 1.18-5+deb9u2
2018-10-24 22:20:31 status installed wget:amd64 1.18-5+deb9u2
2018-10-24 22:20:31 configure pinentry-curses:amd64 1.0.0-2 <none>
2018-10-24 22:20:31 status unpacked pinentry-curses:amd64 1.0.0-2
2018-10-24 22:20:31 status half-configured pinentry-curses:amd64 1.0.0-2
2018-10-24 22:20:31 status installed pinentry-curses:amd64 1.0.0-2
2018-10-24 22:20:31 configure gnupg-agent:amd64 2.1.18-8~deb9u2 <none>
2018-10-24 22:20:31 status unpacked gnupg-agent:amd64 2.1.18-8~deb9u2
2018-10-24 22:20:31 status unpacked gnupg-agent:amd64 2.1.18-8~deb9u2
2018-10-24 22:20:31 status half-configured gnupg-agent:amd64 2.1.18-8~deb9u2
2018-10-24 22:20:31 status installed gnupg-agent:amd64 2.1.18-8~deb9u2
2018-10-24 22:20:31 configure dirmngr:amd64 2.1.18-8~deb9u2 <none>
2018-10-24 22:20:31 status unpacked dirmngr:amd64 2.1.18-8~deb9u2
2018-10-24 22:20:31 status half-configured dirmngr:amd64 2.1.18-8~deb9u2
2018-10-24 22:20:31 status installed dirmngr:amd64 2.1.18-8~deb9u2
2018-10-24 22:20:31 configure libnghttp2-dev:amd64 1.18.1-1 <none>
2018-10-24 22:20:31 status unpacked libnghttp2-dev:amd64 1.18.1-1
2018-10-24 22:20:31 status half-configured libnghttp2-dev:amd64 1.18.1-1
2018-10-24 22:20:31 status installed libnghttp2-dev:amd64 1.18.1-1
2018-10-24 22:20:31 configure gnupg:amd64 2.1.18-8~deb9u2 <none>
2018-10-24 22:20:31 status unpacked gnupg:amd64 2.1.18-8~deb9u2
2018-10-24 22:20:31 status half-configured gnupg:amd64 2.1.18-8~deb9u2
2018-10-24 22:20:31 status installed gnupg:amd64 2.1.18-8~deb9u2
2018-10-24 22:20:31 configure gcc:amd64 4:6.3.0-4 <none>
2018-10-24 22:20:31 status unpacked gcc:amd64 4:6.3.0-4
2018-10-24 22:20:31 status half-configured gcc:amd64 4:6.3.0-4
2018-10-24 22:20:31 status installed gcc:amd64 4:6.3.0-4
2018-10-24 22:20:31 trigproc libc-bin:amd64 2.24-11+deb9u3 <none>
2018-10-24 22:20:31 status half-configured libc-bin:amd64 2.24-11+deb9u3
2018-10-24 22:20:31 status installed libc-bin:amd64 2.24-11+deb9u3
2018-10-24 22:20:31 trigproc ca-certificates:all 20161130+nmu1+deb9u1 <none>
2018-10-24 22:20:31 status half-configured ca-certificates:all 20161130+nmu1+deb9u1
2018-10-24 22:20:31 status installed ca-certificates:all 20161130+nmu1+deb9u1
2018-10-24 22:21:59 startup packages remove
2018-10-24 22:21:59 status installed gcc:amd64 4:6.3.0-4
2018-10-24 22:21:59 remove gcc:amd64 4:6.3.0-4 <none>
2018-10-24 22:21:59 status half-configured gcc:amd64 4:6.3.0-4
2018-10-24 22:21:59 status half-installed gcc:amd64 4:6.3.0-4
2018-10-24 22:21:59 status config-files gcc:amd64 4:6.3.0-4
2018-10-24 22:21:59 status config-files gcc:amd64 4:6.3.0-4
2018-10-24 22:21:59 status config-files gcc:amd64 4:6.3.0-4
2018-10-24 22:21:59 status not-installed gcc:amd64 <none>
2018-10-24 22:21:59 status installed gcc-6:amd64 6.3.0-18+deb9u1
2018-10-24 22:21:59 remove gcc-6:amd64 6.3.0-18+deb9u1 <none>
2018-10-24 22:21:59 status half-configured gcc-6:amd64 6.3.0-18+deb9u1
2018-10-24 22:21:59 status half-installed gcc-6:amd64 6.3.0-18+deb9u1
2018-10-24 22:21:59 status config-files gcc-6:amd64 6.3.0-18+deb9u1
2018-10-24 22:21:59 status config-files gcc-6:amd64 6.3.0-18+deb9u1
2018-10-24 22:21:59 status config-files gcc-6:amd64 6.3.0-18+deb9u1
2018-10-24 22:21:59 status not-installed gcc-6:amd64 <none>
2018-10-24 22:21:59 status installed dpkg-dev:all 1.18.25
2018-10-24 22:21:59 remove dpkg-dev:all 1.18.25 <none>
2018-10-24 22:21:59 status half-configured dpkg-dev:all 1.18.25
2018-10-24 22:21:59 status half-installed dpkg-dev:all 1.18.25
2018-10-24 22:21:59 status config-files dpkg-dev:all 1.18.25
2018-10-24 22:21:59 status config-files dpkg-dev:all 1.18.25
2018-10-24 22:21:59 status installed binutils:amd64 2.28-5
2018-10-24 22:21:59 remove binutils:amd64 2.28-5 <none>
2018-10-24 22:21:59 status triggers-pending libc-bin:amd64 2.24-11+deb9u3
2018-10-24 22:21:59 status half-configured binutils:amd64 2.28-5
2018-10-24 22:21:59 status half-installed binutils:amd64 2.28-5
2018-10-24 22:21:59 status config-files binutils:amd64 2.28-5
2018-10-24 22:21:59 status config-files binutils:amd64 2.28-5
2018-10-24 22:21:59 status config-files binutils:amd64 2.28-5
2018-10-24 22:21:59 status not-installed binutils:amd64 <none>
2018-10-24 22:21:59 status installed bzip2:amd64 1.0.6-8.1
2018-10-24 22:21:59 remove bzip2:amd64 1.0.6-8.1 <none>
2018-10-24 22:21:59 status half-configured bzip2:amd64 1.0.6-8.1
2018-10-24 22:21:59 status half-installed bzip2:amd64 1.0.6-8.1
2018-10-24 22:21:59 status config-files bzip2:amd64 1.0.6-8.1
2018-10-24 22:21:59 status config-files bzip2:amd64 1.0.6-8.1
2018-10-24 22:21:59 status config-files bzip2:amd64 1.0.6-8.1
2018-10-24 22:21:59 status not-installed bzip2:amd64 <none>
2018-10-24 22:21:59 status installed ca-certificates:all 20161130+nmu1+deb9u1
2018-10-24 22:21:59 remove ca-certificates:all 20161130+nmu1+deb9u1 <none>
2018-10-24 22:21:59 status half-configured ca-certificates:all 20161130+nmu1+deb9u1
2018-10-24 22:21:59 status half-installed ca-certificates:all 20161130+nmu1+deb9u1
2018-10-24 22:22:00 status config-files ca-certificates:all 20161130+nmu1+deb9u1
2018-10-24 22:22:00 status config-files ca-certificates:all 20161130+nmu1+deb9u1
2018-10-24 22:22:00 status installed cpp:amd64 4:6.3.0-4
2018-10-24 22:22:00 remove cpp:amd64 4:6.3.0-4 <none>
2018-10-24 22:22:00 status half-configured cpp:amd64 4:6.3.0-4
2018-10-24 22:22:00 status half-installed cpp:amd64 4:6.3.0-4
2018-10-24 22:22:00 status config-files cpp:amd64 4:6.3.0-4
2018-10-24 22:22:00 status config-files cpp:amd64 4:6.3.0-4
2018-10-24 22:22:00 status config-files cpp:amd64 4:6.3.0-4
2018-10-24 22:22:00 status not-installed cpp:amd64 <none>
2018-10-24 22:22:00 status installed cpp-6:amd64 6.3.0-18+deb9u1
2018-10-24 22:22:00 remove cpp-6:amd64 6.3.0-18+deb9u1 <none>
2018-10-24 22:22:00 status half-configured cpp-6:amd64 6.3.0-18+deb9u1
2018-10-24 22:22:00 status half-installed cpp-6:amd64 6.3.0-18+deb9u1
2018-10-24 22:22:00 status config-files cpp-6:amd64 6.3.0-18+deb9u1
2018-10-24 22:22:00 status config-files cpp-6:amd64 6.3.0-18+deb9u1
2018-10-24 22:22:00 status config-files cpp-6:amd64 6.3.0-18+deb9u1
2018-10-24 22:22:00 status not-installed cpp-6:amd64 <none>
2018-10-24 22:22:00 status installed dirmngr:amd64 2.1.18-8~deb9u2
2018-10-24 22:22:00 remove dirmngr:amd64 2.1.18-8~deb9u2 <none>
2018-10-24 22:22:00 status half-configured dirmngr:amd64 2.1.18-8~deb9u2
2018-10-24 22:22:00 status half-installed dirmngr:amd64 2.1.18-8~deb9u2
2018-10-24 22:22:00 status config-files dirmngr:amd64 2.1.18-8~deb9u2
2018-10-24 22:22:00 status config-files dirmngr:amd64 2.1.18-8~deb9u2
2018-10-24 22:22:00 status installed gnupg:amd64 2.1.18-8~deb9u2
2018-10-24 22:22:00 remove gnupg:amd64 2.1.18-8~deb9u2 <none>
2018-10-24 22:22:00 status half-configured gnupg:amd64 2.1.18-8~deb9u2
2018-10-24 22:22:00 status half-installed gnupg:amd64 2.1.18-8~deb9u2
2018-10-24 22:22:00 status config-files gnupg:amd64 2.1.18-8~deb9u2
2018-10-24 22:22:00 status config-files gnupg:amd64 2.1.18-8~deb9u2
2018-10-24 22:22:00 status config-files gnupg:amd64 2.1.18-8~deb9u2
2018-10-24 22:22:00 status not-installed gnupg:amd64 <none>
2018-10-24 22:22:00 status installed gnupg-agent:amd64 2.1.18-8~deb9u2
2018-10-24 22:22:00 remove gnupg-agent:amd64 2.1.18-8~deb9u2 <none>
2018-10-24 22:22:00 status half-configured gnupg-agent:amd64 2.1.18-8~deb9u2
2018-10-24 22:22:00 status half-installed gnupg-agent:amd64 2.1.18-8~deb9u2
2018-10-24 22:22:00 status config-files gnupg-agent:amd64 2.1.18-8~deb9u2
2018-10-24 22:22:00 status config-files gnupg-agent:amd64 2.1.18-8~deb9u2
2018-10-24 22:22:00 status installed libxml2-dev:amd64 2.9.4+dfsg1-2.2+deb9u2
2018-10-24 22:22:00 remove libxml2-dev:amd64 2.9.4+dfsg1-2.2+deb9u2 <none>
2018-10-24 22:22:00 status half-configured libxml2-dev:amd64 2.9.4+dfsg1-2.2+deb9u2
2018-10-24 22:22:00 status half-installed libxml2-dev:amd64 2.9.4+dfsg1-2.2+deb9u2
2018-10-24 22:22:00 status config-files libxml2-dev:amd64 2.9.4+dfsg1-2.2+deb9u2
2018-10-24 22:22:00 status config-files libxml2-dev:amd64 2.9.4+dfsg1-2.2+deb9u2
2018-10-24 22:22:00 status config-files libxml2-dev:amd64 2.9.4+dfsg1-2.2+deb9u2
2018-10-24 22:22:00 status not-installed libxml2-dev:amd64 <none>
2018-10-24 22:22:00 status installed libicu-dev:amd64 57.1-6+deb9u2
2018-10-24 22:22:00 remove libicu-dev:amd64 57.1-6+deb9u2 <none>
2018-10-24 22:22:00 status half-configured libicu-dev:amd64 57.1-6+deb9u2
2018-10-24 22:22:00 status half-installed libicu-dev:amd64 57.1-6+deb9u2
2018-10-24 22:22:00 status config-files libicu-dev:amd64 57.1-6+deb9u2
2018-10-24 22:22:00 status config-files libicu-dev:amd64 57.1-6+deb9u2
2018-10-24 22:22:00 status config-files libicu-dev:amd64 57.1-6+deb9u2
2018-10-24 22:22:00 status not-installed libicu-dev:amd64 <none>
2018-10-24 22:22:00 status installed icu-devtools:amd64 57.1-6+deb9u2
2018-10-24 22:22:00 remove icu-devtools:amd64 57.1-6+deb9u2 <none>
2018-10-24 22:22:00 status half-configured icu-devtools:amd64 57.1-6+deb9u2
2018-10-24 22:22:00 status half-installed icu-devtools:amd64 57.1-6+deb9u2
2018-10-24 22:22:00 status config-files icu-devtools:amd64 57.1-6+deb9u2
2018-10-24 22:22:00 status config-files icu-devtools:amd64 57.1-6+deb9u2
2018-10-24 22:22:00 status config-files icu-devtools:amd64 57.1-6+deb9u2
2018-10-24 22:22:00 status not-installed icu-devtools:amd64 <none>
2018-10-24 22:22:00 status installed libstdc++-6-dev:amd64 6.3.0-18+deb9u1
2018-10-24 22:22:00 remove libstdc++-6-dev:amd64 6.3.0-18+deb9u1 <none>
2018-10-24 22:22:00 status half-configured libstdc++-6-dev:amd64 6.3.0-18+deb9u1
2018-10-24 22:22:00 status half-installed libstdc++-6-dev:amd64 6.3.0-18+deb9u1
2018-10-24 22:22:00 status config-files libstdc++-6-dev:amd64 6.3.0-18+deb9u1
2018-10-24 22:22:00 status config-files libstdc++-6-dev:amd64 6.3.0-18+deb9u1
2018-10-24 22:22:00 status config-files libstdc++-6-dev:amd64 6.3.0-18+deb9u1
2018-10-24 22:22:00 status not-installed libstdc++-6-dev:amd64 <none>
2018-10-24 22:22:00 status installed libgcc-6-dev:amd64 6.3.0-18+deb9u1
2018-10-24 22:22:00 remove libgcc-6-dev:amd64 6.3.0-18+deb9u1 <none>
2018-10-24 22:22:00 status half-configured libgcc-6-dev:amd64 6.3.0-18+deb9u1
2018-10-24 22:22:00 status half-installed libgcc-6-dev:amd64 6.3.0-18+deb9u1
2018-10-24 22:22:00 status config-files libgcc-6-dev:amd64 6.3.0-18+deb9u1
2018-10-24 22:22:00 status config-files libgcc-6-dev:amd64 6.3.0-18+deb9u1
2018-10-24 22:22:00 status config-files libgcc-6-dev:amd64 6.3.0-18+deb9u1
2018-10-24 22:22:00 status not-installed libgcc-6-dev:amd64 <none>
2018-10-24 22:22:00 status installed libasan3:amd64 6.3.0-18+deb9u1
2018-10-24 22:22:00 remove libasan3:amd64 6.3.0-18+deb9u1 <none>
2018-10-24 22:22:00 status half-configured libasan3:amd64 6.3.0-18+deb9u1
2018-10-24 22:22:00 status half-installed libasan3:amd64 6.3.0-18+deb9u1
2018-10-24 22:22:00 status config-files libasan3:amd64 6.3.0-18+deb9u1
2018-10-24 22:22:00 status config-files libasan3:amd64 6.3.0-18+deb9u1
2018-10-24 22:22:00 status config-files libasan3:amd64 6.3.0-18+deb9u1
2018-10-24 22:22:00 status not-installed libasan3:amd64 <none>
2018-10-24 22:22:00 status installed pinentry-curses:amd64 1.0.0-2
2018-10-24 22:22:00 remove pinentry-curses:amd64 1.0.0-2 <none>
2018-10-24 22:22:00 status half-configured pinentry-curses:amd64 1.0.0-2
2018-10-24 22:22:00 status half-installed pinentry-curses:amd64 1.0.0-2
2018-10-24 22:22:00 status config-files pinentry-curses:amd64 1.0.0-2
2018-10-24 22:22:00 status config-files pinentry-curses:amd64 1.0.0-2
2018-10-24 22:22:00 status config-files pinentry-curses:amd64 1.0.0-2
2018-10-24 22:22:00 status not-installed pinentry-curses:amd64 <none>
2018-10-24 22:22:00 status installed libassuan0:amd64 2.4.3-2
2018-10-24 22:22:00 remove libassuan0:amd64 2.4.3-2 <none>
2018-10-24 22:22:00 status half-configured libassuan0:amd64 2.4.3-2
2018-10-24 22:22:00 status half-installed libassuan0:amd64 2.4.3-2
2018-10-24 22:22:00 status config-files libassuan0:amd64 2.4.3-2
2018-10-24 22:22:00 status config-files libassuan0:amd64 2.4.3-2
2018-10-24 22:22:00 status config-files libassuan0:amd64 2.4.3-2
2018-10-24 22:22:00 status not-installed libassuan0:amd64 <none>
2018-10-24 22:22:00 status installed libatomic1:amd64 6.3.0-18+deb9u1
2018-10-24 22:22:00 remove libatomic1:amd64 6.3.0-18+deb9u1 <none>
2018-10-24 22:22:00 status half-configured libatomic1:amd64 6.3.0-18+deb9u1
2018-10-24 22:22:00 status half-installed libatomic1:amd64 6.3.0-18+deb9u1
2018-10-24 22:22:00 status config-files libatomic1:amd64 6.3.0-18+deb9u1
2018-10-24 22:22:00 status config-files libatomic1:amd64 6.3.0-18+deb9u1
2018-10-24 22:22:00 status config-files libatomic1:amd64 6.3.0-18+deb9u1
2018-10-24 22:22:00 status not-installed libatomic1:amd64 <none>
2018-10-24 22:22:00 status installed libcc1-0:amd64 6.3.0-18+deb9u1
2018-10-24 22:22:00 remove libcc1-0:amd64 6.3.0-18+deb9u1 <none>
2018-10-24 22:22:00 status half-configured libcc1-0:amd64 6.3.0-18+deb9u1
2018-10-24 22:22:00 status half-installed libcc1-0:amd64 6.3.0-18+deb9u1
2018-10-24 22:22:00 status config-files libcc1-0:amd64 6.3.0-18+deb9u1
2018-10-24 22:22:00 status config-files libcc1-0:amd64 6.3.0-18+deb9u1
2018-10-24 22:22:00 status config-files libcc1-0:amd64 6.3.0-18+deb9u1
2018-10-24 22:22:00 status not-installed libcc1-0:amd64 <none>
2018-10-24 22:22:00 status installed libcilkrts5:amd64 6.3.0-18+deb9u1
2018-10-24 22:22:00 remove libcilkrts5:amd64 6.3.0-18+deb9u1 <none>
2018-10-24 22:22:00 status half-configured libcilkrts5:amd64 6.3.0-18+deb9u1
2018-10-24 22:22:00 status half-installed libcilkrts5:amd64 6.3.0-18+deb9u1
2018-10-24 22:22:00 status config-files libcilkrts5:amd64 6.3.0-18+deb9u1
2018-10-24 22:22:00 status config-files libcilkrts5:amd64 6.3.0-18+deb9u1
2018-10-24 22:22:00 status config-files libcilkrts5:amd64 6.3.0-18+deb9u1
2018-10-24 22:22:00 status not-installed libcilkrts5:amd64 <none>
2018-10-24 22:22:00 status installed libnghttp2-dev:amd64 1.18.1-1
2018-10-24 22:22:00 remove libnghttp2-dev:amd64 1.18.1-1 <none>
2018-10-24 22:22:00 status half-configured libnghttp2-dev:amd64 1.18.1-1
2018-10-24 22:22:00 status half-installed libnghttp2-dev:amd64 1.18.1-1
2018-10-24 22:22:00 status config-files libnghttp2-dev:amd64 1.18.1-1
2018-10-24 22:22:00 status config-files libnghttp2-dev:amd64 1.18.1-1
2018-10-24 22:22:00 status config-files libnghttp2-dev:amd64 1.18.1-1
2018-10-24 22:22:00 status not-installed libnghttp2-dev:amd64 <none>
2018-10-24 22:22:00 status installed pkg-config:amd64 0.29-4+b1
2018-10-24 22:22:00 remove pkg-config:amd64 0.29-4+b1 <none>
2018-10-24 22:22:00 status half-configured pkg-config:amd64 0.29-4+b1
2018-10-24 22:22:00 status half-installed pkg-config:amd64 0.29-4+b1
2018-10-24 22:22:00 status config-files pkg-config:amd64 0.29-4+b1
2018-10-24 22:22:00 status config-files pkg-config:amd64 0.29-4+b1
2018-10-24 22:22:00 status installed libdpkg-perl:all 1.18.25
2018-10-24 22:22:00 remove libdpkg-perl:all 1.18.25 <none>
2018-10-24 22:22:00 status half-configured libdpkg-perl:all 1.18.25
2018-10-24 22:22:00 status half-installed libdpkg-perl:all 1.18.25
2018-10-24 22:22:00 status config-files libdpkg-perl:all 1.18.25
2018-10-24 22:22:00 status config-files libdpkg-perl:all 1.18.25
2018-10-24 22:22:00 status config-files libdpkg-perl:all 1.18.25
2018-10-24 22:22:00 status not-installed libdpkg-perl:all <none>
2018-10-24 22:22:00 status installed libglib2.0-0:amd64 2.50.3-2
2018-10-24 22:22:00 remove libglib2.0-0:amd64 2.50.3-2 <none>
2018-10-24 22:22:00 status half-configured libglib2.0-0:amd64 2.50.3-2
2018-10-24 22:22:00 status half-installed libglib2.0-0:amd64 2.50.3-2
2018-10-24 22:22:00 status config-files libglib2.0-0:amd64 2.50.3-2
2018-10-24 22:22:00 status config-files libglib2.0-0:amd64 2.50.3-2
2018-10-24 22:22:00 status installed libgomp1:amd64 6.3.0-18+deb9u1
2018-10-24 22:22:00 remove libgomp1:amd64 6.3.0-18+deb9u1 <none>
2018-10-24 22:22:00 status half-configured libgomp1:amd64 6.3.0-18+deb9u1
2018-10-24 22:22:00 status half-installed libgomp1:amd64 6.3.0-18+deb9u1
2018-10-24 22:22:00 status config-files libgomp1:amd64 6.3.0-18+deb9u1
2018-10-24 22:22:00 status config-files libgomp1:amd64 6.3.0-18+deb9u1
2018-10-24 22:22:00 status config-files libgomp1:amd64 6.3.0-18+deb9u1
2018-10-24 22:22:00 status not-installed libgomp1:amd64 <none>
2018-10-24 22:22:00 status installed wget:amd64 1.18-5+deb9u2
2018-10-24 22:22:00 remove wget:amd64 1.18-5+deb9u2 <none>
2018-10-24 22:22:00 status half-configured wget:amd64 1.18-5+deb9u2
2018-10-24 22:22:00 status half-installed wget:amd64 1.18-5+deb9u2
2018-10-24 22:22:00 status config-files wget:amd64 1.18-5+deb9u2
2018-10-24 22:22:00 status config-files wget:amd64 1.18-5+deb9u2
2018-10-24 22:22:00 status installed libpsl5:amd64 0.17.0-3
2018-10-24 22:22:00 remove libpsl5:amd64 0.17.0-3 <none>
2018-10-24 22:22:00 status half-configured libpsl5:amd64 0.17.0-3
2018-10-24 22:22:00 status half-installed libpsl5:amd64 0.17.0-3
2018-10-24 22:22:01 status config-files libpsl5:amd64 0.17.0-3
2018-10-24 22:22:01 status config-files libpsl5:amd64 0.17.0-3
2018-10-24 22:22:01 status config-files libpsl5:amd64 0.17.0-3
2018-10-24 22:22:01 status not-installed libpsl5:amd64 <none>
2018-10-24 22:22:01 status installed libidn2-0:amd64 0.16-1+deb9u1
2018-10-24 22:22:01 remove libidn2-0:amd64 0.16-1+deb9u1 <none>
2018-10-24 22:22:01 status half-configured libidn2-0:amd64 0.16-1+deb9u1
2018-10-24 22:22:01 status half-installed libidn2-0:amd64 0.16-1+deb9u1
2018-10-24 22:22:01 status config-files libidn2-0:amd64 0.16-1+deb9u1
2018-10-24 22:22:01 status config-files libidn2-0:amd64 0.16-1+deb9u1
2018-10-24 22:22:01 status config-files libidn2-0:amd64 0.16-1+deb9u1
2018-10-24 22:22:01 status not-installed libidn2-0:amd64 <none>
2018-10-24 22:22:01 status installed libisl15:amd64 0.18-1
2018-10-24 22:22:01 remove libisl15:amd64 0.18-1 <none>
2018-10-24 22:22:01 status half-configured libisl15:amd64 0.18-1
2018-10-24 22:22:01 status half-installed libisl15:amd64 0.18-1
2018-10-24 22:22:01 status config-files libisl15:amd64 0.18-1
2018-10-24 22:22:01 status config-files libisl15:amd64 0.18-1
2018-10-24 22:22:01 status config-files libisl15:amd64 0.18-1
2018-10-24 22:22:01 status not-installed libisl15:amd64 <none>
2018-10-24 22:22:01 status installed libitm1:amd64 6.3.0-18+deb9u1
2018-10-24 22:22:01 remove libitm1:amd64 6.3.0-18+deb9u1 <none>
2018-10-24 22:22:01 status half-configured libitm1:amd64 6.3.0-18+deb9u1
2018-10-24 22:22:01 status half-installed libitm1:amd64 6.3.0-18+deb9u1
2018-10-24 22:22:01 status config-files libitm1:amd64 6.3.0-18+deb9u1
2018-10-24 22:22:01 status config-files libitm1:amd64 6.3.0-18+deb9u1
2018-10-24 22:22:01 status config-files libitm1:amd64 6.3.0-18+deb9u1
2018-10-24 22:22:01 status not-installed libitm1:amd64 <none>
2018-10-24 22:22:01 status installed libksba8:amd64 1.3.5-2
2018-10-24 22:22:01 remove libksba8:amd64 1.3.5-2 <none>
2018-10-24 22:22:01 status half-configured libksba8:amd64 1.3.5-2
2018-10-24 22:22:01 status half-installed libksba8:amd64 1.3.5-2
2018-10-24 22:22:01 status config-files libksba8:amd64 1.3.5-2
2018-10-24 22:22:01 status config-files libksba8:amd64 1.3.5-2
2018-10-24 22:22:01 status config-files libksba8:amd64 1.3.5-2
2018-10-24 22:22:01 status not-installed libksba8:amd64 <none>
2018-10-24 22:22:01 status installed liblsan0:amd64 6.3.0-18+deb9u1
2018-10-24 22:22:01 remove liblsan0:amd64 6.3.0-18+deb9u1 <none>
2018-10-24 22:22:01 status half-configured liblsan0:amd64 6.3.0-18+deb9u1
2018-10-24 22:22:01 status half-installed liblsan0:amd64 6.3.0-18+deb9u1
2018-10-24 22:22:01 status config-files liblsan0:amd64 6.3.0-18+deb9u1
2018-10-24 22:22:01 status config-files liblsan0:amd64 6.3.0-18+deb9u1
2018-10-24 22:22:01 status config-files liblsan0:amd64 6.3.0-18+deb9u1
2018-10-24 22:22:01 status not-installed liblsan0:amd64 <none>
2018-10-24 22:22:01 status installed liblua5.2-dev:amd64 5.2.4-1.1+b2
2018-10-24 22:22:01 remove liblua5.2-dev:amd64 5.2.4-1.1+b2 <none>
2018-10-24 22:22:01 status half-configured liblua5.2-dev:amd64 5.2.4-1.1+b2
2018-10-24 22:22:01 status half-installed liblua5.2-dev:amd64 5.2.4-1.1+b2
2018-10-24 22:22:01 status config-files liblua5.2-dev:amd64 5.2.4-1.1+b2
2018-10-24 22:22:01 status config-files liblua5.2-dev:amd64 5.2.4-1.1+b2
2018-10-24 22:22:01 status config-files liblua5.2-dev:amd64 5.2.4-1.1+b2
2018-10-24 22:22:01 status not-installed liblua5.2-dev:amd64 <none>
2018-10-24 22:22:01 status installed libmpc3:amd64 1.0.3-1+b2
2018-10-24 22:22:01 remove libmpc3:amd64 1.0.3-1+b2 <none>
2018-10-24 22:22:01 status half-configured libmpc3:amd64 1.0.3-1+b2
2018-10-24 22:22:01 status half-installed libmpc3:amd64 1.0.3-1+b2
2018-10-24 22:22:01 status config-files libmpc3:amd64 1.0.3-1+b2
2018-10-24 22:22:01 status config-files libmpc3:amd64 1.0.3-1+b2
2018-10-24 22:22:01 status config-files libmpc3:amd64 1.0.3-1+b2
2018-10-24 22:22:01 status not-installed libmpc3:amd64 <none>
2018-10-24 22:22:01 status installed libmpfr4:amd64 3.1.5-1
2018-10-24 22:22:01 remove libmpfr4:amd64 3.1.5-1 <none>
2018-10-24 22:22:01 status half-configured libmpfr4:amd64 3.1.5-1
2018-10-24 22:22:01 status half-installed libmpfr4:amd64 3.1.5-1
2018-10-24 22:22:01 status config-files libmpfr4:amd64 3.1.5-1
2018-10-24 22:22:01 status config-files libmpfr4:amd64 3.1.5-1
2018-10-24 22:22:01 status config-files libmpfr4:amd64 3.1.5-1
2018-10-24 22:22:01 status not-installed libmpfr4:amd64 <none>
2018-10-24 22:22:01 status installed libmpx2:amd64 6.3.0-18+deb9u1
2018-10-24 22:22:01 remove libmpx2:amd64 6.3.0-18+deb9u1 <none>
2018-10-24 22:22:01 status half-configured libmpx2:amd64 6.3.0-18+deb9u1
2018-10-24 22:22:01 status half-installed libmpx2:amd64 6.3.0-18+deb9u1
2018-10-24 22:22:01 status config-files libmpx2:amd64 6.3.0-18+deb9u1
2018-10-24 22:22:01 status config-files libmpx2:amd64 6.3.0-18+deb9u1
2018-10-24 22:22:01 status config-files libmpx2:amd64 6.3.0-18+deb9u1
2018-10-24 22:22:01 status not-installed libmpx2:amd64 <none>
2018-10-24 22:22:01 status installed libnpth0:amd64 1.3-1
2018-10-24 22:22:01 remove libnpth0:amd64 1.3-1 <none>
2018-10-24 22:22:01 status half-configured libnpth0:amd64 1.3-1
2018-10-24 22:22:01 status half-installed libnpth0:amd64 1.3-1
2018-10-24 22:22:01 status config-files libnpth0:amd64 1.3-1
2018-10-24 22:22:01 status config-files libnpth0:amd64 1.3-1
2018-10-24 22:22:01 status config-files libnpth0:amd64 1.3-1
2018-10-24 22:22:01 status not-installed libnpth0:amd64 <none>
2018-10-24 22:22:01 status installed libpcre3-dev:amd64 2:8.39-3
2018-10-24 22:22:01 remove libpcre3-dev:amd64 2:8.39-3 <none>
2018-10-24 22:22:01 status half-configured libpcre3-dev:amd64 2:8.39-3
2018-10-24 22:22:01 status half-installed libpcre3-dev:amd64 2:8.39-3
2018-10-24 22:22:01 status config-files libpcre3-dev:amd64 2:8.39-3
2018-10-24 22:22:01 status config-files libpcre3-dev:amd64 2:8.39-3
2018-10-24 22:22:01 status config-files libpcre3-dev:amd64 2:8.39-3
2018-10-24 22:22:01 status not-installed libpcre3-dev:amd64 <none>
2018-10-24 22:22:01 status installed libpcre16-3:amd64 2:8.39-3
2018-10-24 22:22:01 remove libpcre16-3:amd64 2:8.39-3 <none>
2018-10-24 22:22:01 status half-configured libpcre16-3:amd64 2:8.39-3
2018-10-24 22:22:01 status half-installed libpcre16-3:amd64 2:8.39-3
2018-10-24 22:22:01 status config-files libpcre16-3:amd64 2:8.39-3
2018-10-24 22:22:01 status config-files libpcre16-3:amd64 2:8.39-3
2018-10-24 22:22:01 status config-files libpcre16-3:amd64 2:8.39-3
2018-10-24 22:22:01 status not-installed libpcre16-3:amd64 <none>
2018-10-24 22:22:01 status installed libpcre32-3:amd64 2:8.39-3
2018-10-24 22:22:01 remove libpcre32-3:amd64 2:8.39-3 <none>
2018-10-24 22:22:01 status half-configured libpcre32-3:amd64 2:8.39-3
2018-10-24 22:22:01 status half-installed libpcre32-3:amd64 2:8.39-3
2018-10-24 22:22:01 status config-files libpcre32-3:amd64 2:8.39-3
2018-10-24 22:22:01 status config-files libpcre32-3:amd64 2:8.39-3
2018-10-24 22:22:01 status config-files libpcre32-3:amd64 2:8.39-3
2018-10-24 22:22:01 status not-installed libpcre32-3:amd64 <none>
2018-10-24 22:22:01 status installed libpcrecpp0v5:amd64 2:8.39-3
2018-10-24 22:22:01 remove libpcrecpp0v5:amd64 2:8.39-3 <none>
2018-10-24 22:22:01 status half-configured libpcrecpp0v5:amd64 2:8.39-3
2018-10-24 22:22:01 status half-installed libpcrecpp0v5:amd64 2:8.39-3
2018-10-24 22:22:01 status config-files libpcrecpp0v5:amd64 2:8.39-3
2018-10-24 22:22:01 status config-files libpcrecpp0v5:amd64 2:8.39-3
2018-10-24 22:22:01 status config-files libpcrecpp0v5:amd64 2:8.39-3
2018-10-24 22:22:01 status not-installed libpcrecpp0v5:amd64 <none>
2018-10-24 22:22:01 status installed perl:amd64 5.24.1-3+deb9u4
2018-10-24 22:22:01 remove perl:amd64 5.24.1-3+deb9u4 <none>
2018-10-24 22:22:01 status half-configured perl:amd64 5.24.1-3+deb9u4
2018-10-24 22:22:01 status half-installed perl:amd64 5.24.1-3+deb9u4
2018-10-24 22:22:01 status config-files perl:amd64 5.24.1-3+deb9u4
2018-10-24 22:22:01 status config-files perl:amd64 5.24.1-3+deb9u4
2018-10-24 22:22:01 status installed libperl5.24:amd64 5.24.1-3+deb9u4
2018-10-24 22:22:01 remove libperl5.24:amd64 5.24.1-3+deb9u4 <none>
2018-10-24 22:22:01 status half-configured libperl5.24:amd64 5.24.1-3+deb9u4
2018-10-24 22:22:01 status half-installed libperl5.24:amd64 5.24.1-3+deb9u4
2018-10-24 22:22:01 status config-files libperl5.24:amd64 5.24.1-3+deb9u4
2018-10-24 22:22:01 status config-files libperl5.24:amd64 5.24.1-3+deb9u4
2018-10-24 22:22:01 status config-files libperl5.24:amd64 5.24.1-3+deb9u4
2018-10-24 22:22:01 status not-installed libperl5.24:amd64 <none>
2018-10-24 22:22:01 status installed libquadmath0:amd64 6.3.0-18+deb9u1
2018-10-24 22:22:01 remove libquadmath0:amd64 6.3.0-18+deb9u1 <none>
2018-10-24 22:22:01 status half-configured libquadmath0:amd64 6.3.0-18+deb9u1
2018-10-24 22:22:01 status half-installed libquadmath0:amd64 6.3.0-18+deb9u1
2018-10-24 22:22:01 status config-files libquadmath0:amd64 6.3.0-18+deb9u1
2018-10-24 22:22:01 status config-files libquadmath0:amd64 6.3.0-18+deb9u1
2018-10-24 22:22:01 status config-files libquadmath0:amd64 6.3.0-18+deb9u1
2018-10-24 22:22:01 status not-installed libquadmath0:amd64 <none>
2018-10-24 22:22:01 status installed libreadline-dev:amd64 7.0-3
2018-10-24 22:22:01 remove libreadline-dev:amd64 7.0-3 <none>
2018-10-24 22:22:01 status half-configured libreadline-dev:amd64 7.0-3
2018-10-24 22:22:01 status half-installed libreadline-dev:amd64 7.0-3
2018-10-24 22:22:01 status config-files libreadline-dev:amd64 7.0-3
2018-10-24 22:22:01 status config-files libreadline-dev:amd64 7.0-3
2018-10-24 22:22:01 status config-files libreadline-dev:amd64 7.0-3
2018-10-24 22:22:01 status not-installed libreadline-dev:amd64 <none>
2018-10-24 22:22:01 status installed libreadline7:amd64 7.0-3
2018-10-24 22:22:01 remove libreadline7:amd64 7.0-3 <none>
2018-10-24 22:22:01 status half-configured libreadline7:amd64 7.0-3
2018-10-24 22:22:01 status half-installed libreadline7:amd64 7.0-3
2018-10-24 22:22:01 status config-files libreadline7:amd64 7.0-3
2018-10-24 22:22:01 status config-files libreadline7:amd64 7.0-3
2018-10-24 22:22:01 status config-files libreadline7:amd64 7.0-3
2018-10-24 22:22:01 status not-installed libreadline7:amd64 <none>
2018-10-24 22:22:01 status installed libsqlite3-0:amd64 3.16.2-5+deb9u1
2018-10-24 22:22:01 remove libsqlite3-0:amd64 3.16.2-5+deb9u1 <none>
2018-10-24 22:22:01 status half-configured libsqlite3-0:amd64 3.16.2-5+deb9u1
2018-10-24 22:22:01 status half-installed libsqlite3-0:amd64 3.16.2-5+deb9u1
2018-10-24 22:22:01 status config-files libsqlite3-0:amd64 3.16.2-5+deb9u1
2018-10-24 22:22:01 status config-files libsqlite3-0:amd64 3.16.2-5+deb9u1
2018-10-24 22:22:01 status config-files libsqlite3-0:amd64 3.16.2-5+deb9u1
2018-10-24 22:22:01 status not-installed libsqlite3-0:amd64 <none>
2018-10-24 22:22:01 status installed libssl-dev:amd64 1.1.0f-3+deb9u2
2018-10-24 22:22:01 remove libssl-dev:amd64 1.1.0f-3+deb9u2 <none>
2018-10-24 22:22:01 status half-configured libssl-dev:amd64 1.1.0f-3+deb9u2
2018-10-24 22:22:01 status half-installed libssl-dev:amd64 1.1.0f-3+deb9u2
2018-10-24 22:22:01 status config-files libssl-dev:amd64 1.1.0f-3+deb9u2
2018-10-24 22:22:01 status config-files libssl-dev:amd64 1.1.0f-3+deb9u2
2018-10-24 22:22:01 status config-files libssl-dev:amd64 1.1.0f-3+deb9u2
2018-10-24 22:22:01 status not-installed libssl-dev:amd64 <none>
2018-10-24 22:22:01 status installed libtinfo-dev:amd64 6.0+20161126-1+deb9u2
2018-10-24 22:22:01 remove libtinfo-dev:amd64 6.0+20161126-1+deb9u2 <none>
2018-10-24 22:22:01 status half-configured libtinfo-dev:amd64 6.0+20161126-1+deb9u2
2018-10-24 22:22:01 status half-installed libtinfo-dev:amd64 6.0+20161126-1+deb9u2
2018-10-24 22:22:01 status config-files libtinfo-dev:amd64 6.0+20161126-1+deb9u2
2018-10-24 22:22:01 status config-files libtinfo-dev:amd64 6.0+20161126-1+deb9u2
2018-10-24 22:22:01 status config-files libtinfo-dev:amd64 6.0+20161126-1+deb9u2
2018-10-24 22:22:01 status not-installed libtinfo-dev:amd64 <none>
2018-10-24 22:22:01 status installed libtsan0:amd64 6.3.0-18+deb9u1
2018-10-24 22:22:01 remove libtsan0:amd64 6.3.0-18+deb9u1 <none>
2018-10-24 22:22:01 status half-configured libtsan0:amd64 6.3.0-18+deb9u1
2018-10-24 22:22:01 status half-installed libtsan0:amd64 6.3.0-18+deb9u1
2018-10-24 22:22:01 status config-files libtsan0:amd64 6.3.0-18+deb9u1
2018-10-24 22:22:01 status config-files libtsan0:amd64 6.3.0-18+deb9u1
2018-10-24 22:22:01 status config-files libtsan0:amd64 6.3.0-18+deb9u1
2018-10-24 22:22:01 status not-installed libtsan0:amd64 <none>
2018-10-24 22:22:01 status installed libubsan0:amd64 6.3.0-18+deb9u1
2018-10-24 22:22:01 remove libubsan0:amd64 6.3.0-18+deb9u1 <none>
2018-10-24 22:22:01 status half-configured libubsan0:amd64 6.3.0-18+deb9u1
2018-10-24 22:22:01 status half-installed libubsan0:amd64 6.3.0-18+deb9u1
2018-10-24 22:22:01 status config-files libubsan0:amd64 6.3.0-18+deb9u1
2018-10-24 22:22:01 status config-files libubsan0:amd64 6.3.0-18+deb9u1
2018-10-24 22:22:01 status config-files libubsan0:amd64 6.3.0-18+deb9u1
2018-10-24 22:22:01 status not-installed libubsan0:amd64 <none>
2018-10-24 22:22:01 status installed libunistring0:amd64 0.9.6+really0.9.3-0.1
2018-10-24 22:22:01 remove libunistring0:amd64 0.9.6+really0.9.3-0.1 <none>
2018-10-24 22:22:01 status half-configured libunistring0:amd64 0.9.6+really0.9.3-0.1
2018-10-24 22:22:01 status half-installed libunistring0:amd64 0.9.6+really0.9.3-0.1
2018-10-24 22:22:01 status config-files libunistring0:amd64 0.9.6+really0.9.3-0.1
2018-10-24 22:22:01 status config-files libunistring0:amd64 0.9.6+really0.9.3-0.1
2018-10-24 22:22:01 status config-files libunistring0:amd64 0.9.6+really0.9.3-0.1
2018-10-24 22:22:01 status not-installed libunistring0:amd64 <none>
2018-10-24 22:22:01 status installed make:amd64 4.1-9.1
2018-10-24 22:22:01 remove make:amd64 4.1-9.1 <none>
2018-10-24 22:22:01 status half-configured make:amd64 4.1-9.1
2018-10-24 22:22:01 status half-installed make:amd64 4.1-9.1
2018-10-24 22:22:01 status config-files make:amd64 4.1-9.1
2018-10-24 22:22:01 status config-files make:amd64 4.1-9.1
2018-10-24 22:22:01 status config-files make:amd64 4.1-9.1
2018-10-24 22:22:01 status not-installed make:amd64 <none>
2018-10-24 22:22:01 status installed openssl:amd64 1.1.0f-3+deb9u2
2018-10-24 22:22:01 remove openssl:amd64 1.1.0f-3+deb9u2 <none>
2018-10-24 22:22:01 status half-configured openssl:amd64 1.1.0f-3+deb9u2
2018-10-24 22:22:01 status half-installed openssl:amd64 1.1.0f-3+deb9u2
2018-10-24 22:22:01 status config-files openssl:amd64 1.1.0f-3+deb9u2
2018-10-24 22:22:01 status config-files openssl:amd64 1.1.0f-3+deb9u2
2018-10-24 22:22:01 status installed patch:amd64 2.7.5-1+deb9u1
2018-10-24 22:22:01 remove patch:amd64 2.7.5-1+deb9u1 <none>
2018-10-24 22:22:01 status half-configured patch:amd64 2.7.5-1+deb9u1
2018-10-24 22:22:01 status half-installed patch:amd64 2.7.5-1+deb9u1
2018-10-24 22:22:01 status config-files patch:amd64 2.7.5-1+deb9u1
2018-10-24 22:22:01 status config-files patch:amd64 2.7.5-1+deb9u1
2018-10-24 22:22:01 status config-files patch:amd64 2.7.5-1+deb9u1
2018-10-24 22:22:01 status not-installed patch:amd64 <none>
2018-10-24 22:22:01 status installed perl-modules-5.24:all 5.24.1-3+deb9u4
2018-10-24 22:22:01 remove perl-modules-5.24:all 5.24.1-3+deb9u4 <none>
2018-10-24 22:22:01 status half-configured perl-modules-5.24:all 5.24.1-3+deb9u4
2018-10-24 22:22:01 status half-installed perl-modules-5.24:all 5.24.1-3+deb9u4
2018-10-24 22:22:01 status config-files perl-modules-5.24:all 5.24.1-3+deb9u4
2018-10-24 22:22:02 status config-files perl-modules-5.24:all 5.24.1-3+deb9u4
2018-10-24 22:22:02 status config-files perl-modules-5.24:all 5.24.1-3+deb9u4
2018-10-24 22:22:02 status not-installed perl-modules-5.24:all <none>
2018-10-24 22:22:02 status installed readline-common:all 7.0-3
2018-10-24 22:22:02 remove readline-common:all 7.0-3 <none>
2018-10-24 22:22:02 status half-configured readline-common:all 7.0-3
2018-10-24 22:22:02 status half-installed readline-common:all 7.0-3
2018-10-24 22:22:02 status config-files readline-common:all 7.0-3
2018-10-24 22:22:02 status config-files readline-common:all 7.0-3
2018-10-24 22:22:02 status installed zlib1g-dev:amd64 1:1.2.8.dfsg-5
2018-10-24 22:22:02 remove zlib1g-dev:amd64 1:1.2.8.dfsg-5 <none>
2018-10-24 22:22:02 status half-configured zlib1g-dev:amd64 1:1.2.8.dfsg-5
2018-10-24 22:22:02 status half-installed zlib1g-dev:amd64 1:1.2.8.dfsg-5
2018-10-24 22:22:02 status config-files zlib1g-dev:amd64 1:1.2.8.dfsg-5
2018-10-24 22:22:02 status config-files zlib1g-dev:amd64 1:1.2.8.dfsg-5
2018-10-24 22:22:02 status config-files zlib1g-dev:amd64 1:1.2.8.dfsg-5
2018-10-24 22:22:02 status not-installed zlib1g-dev:amd64 <none>
2018-10-24 22:22:02 startup packages configure
2018-10-24 22:22:02 trigproc libc-bin:amd64 2.24-11+deb9u3 <none>
2018-10-24 22:22:02 status half-configured libc-bin:amd64 2.24-11+deb9u3
2018-10-24 22:22:02 status installed libc-bin:amd64 2.24-11+deb9u3
2018-10-24 22:22:02 startup packages purge
2018-10-24 22:22:02 purge readline-common:all 7.0-3 <none>
2018-10-24 22:22:02 status config-files readline-common:all 7.0-3
2018-10-24 22:22:02 status config-files readline-common:all 7.0-3
2018-10-24 22:22:02 status config-files readline-common:all 7.0-3
2018-10-24 22:22:02 status config-files readline-common:all 7.0-3
2018-10-24 22:22:02 status config-files readline-common:all 7.0-3
2018-10-24 22:22:02 status not-installed readline-common:all <none>
2018-10-24 22:22:02 purge libglib2.0-0:amd64 2.50.3-2 <none>
2018-10-24 22:22:02 status config-files libglib2.0-0:amd64 2.50.3-2
2018-10-24 22:22:02 status config-files libglib2.0-0:amd64 2.50.3-2
2018-10-24 22:22:02 status config-files libglib2.0-0:amd64 2.50.3-2
2018-10-24 22:22:02 status config-files libglib2.0-0:amd64 2.50.3-2
2018-10-24 22:22:02 status config-files libglib2.0-0:amd64 2.50.3-2
2018-10-24 22:22:02 status not-installed libglib2.0-0:amd64 <none>
2018-10-24 22:22:02 purge perl:amd64 5.24.1-3+deb9u4 <none>
2018-10-24 22:22:02 status config-files perl:amd64 5.24.1-3+deb9u4
2018-10-24 22:22:02 status config-files perl:amd64 5.24.1-3+deb9u4
2018-10-24 22:22:02 status config-files perl:amd64 5.24.1-3+deb9u4
2018-10-24 22:22:02 status config-files perl:amd64 5.24.1-3+deb9u4
2018-10-24 22:22:02 status config-files perl:amd64 5.24.1-3+deb9u4
2018-10-24 22:22:02 status not-installed perl:amd64 <none>
2018-10-24 22:22:02 purge pkg-config:amd64 0.29-4+b1 <none>
2018-10-24 22:22:02 status config-files pkg-config:amd64 0.29-4+b1
2018-10-24 22:22:02 status config-files pkg-config:amd64 0.29-4+b1
2018-10-24 22:22:02 status config-files pkg-config:amd64 0.29-4+b1
2018-10-24 22:22:02 status config-files pkg-config:amd64 0.29-4+b1
2018-10-24 22:22:02 status config-files pkg-config:amd64 0.29-4+b1
2018-10-24 22:22:02 status not-installed pkg-config:amd64 <none>
2018-10-24 22:22:02 purge dpkg-dev:all 1.18.25 <none>
2018-10-24 22:22:02 status config-files dpkg-dev:all 1.18.25
2018-10-24 22:22:02 status config-files dpkg-dev:all 1.18.25
2018-10-24 22:22:02 status config-files dpkg-dev:all 1.18.25
2018-10-24 22:22:02 status config-files dpkg-dev:all 1.18.25
2018-10-24 22:22:02 status config-files dpkg-dev:all 1.18.25
2018-10-24 22:22:02 status not-installed dpkg-dev:all <none>
2018-10-24 22:22:02 purge openssl:amd64 1.1.0f-3+deb9u2 <none>
2018-10-24 22:22:02 status config-files openssl:amd64 1.1.0f-3+deb9u2
2018-10-24 22:22:02 status config-files openssl:amd64 1.1.0f-3+deb9u2
2018-10-24 22:22:02 status config-files openssl:amd64 1.1.0f-3+deb9u2
2018-10-24 22:22:02 status config-files openssl:amd64 1.1.0f-3+deb9u2
2018-10-24 22:22:02 status config-files openssl:amd64 1.1.0f-3+deb9u2
2018-10-24 22:22:02 status not-installed openssl:amd64 <none>
2018-10-24 22:22:02 purge wget:amd64 1.18-5+deb9u2 <none>
2018-10-24 22:22:02 status config-files wget:amd64 1.18-5+deb9u2
2018-10-24 22:22:02 status config-files wget:amd64 1.18-5+deb9u2
2018-10-24 22:22:02 status config-files wget:amd64 1.18-5+deb9u2
2018-10-24 22:22:02 status config-files wget:amd64 1.18-5+deb9u2
2018-10-24 22:22:02 status config-files wget:amd64 1.18-5+deb9u2
2018-10-24 22:22:02 status not-installed wget:amd64 <none>
2018-10-24 22:22:02 purge gnupg-agent:amd64 2.1.18-8~deb9u2 <none>
2018-10-24 22:22:02 status config-files gnupg-agent:amd64 2.1.18-8~deb9u2
2018-10-24 22:22:02 status config-files gnupg-agent:amd64 2.1.18-8~deb9u2
2018-10-24 22:22:02 status config-files gnupg-agent:amd64 2.1.18-8~deb9u2
2018-10-24 22:22:02 status config-files gnupg-agent:amd64 2.1.18-8~deb9u2
2018-10-24 22:22:02 status config-files gnupg-agent:amd64 2.1.18-8~deb9u2
2018-10-24 22:22:02 status not-installed gnupg-agent:amd64 <none>
2018-10-24 22:22:02 purge ca-certificates:all 20161130+nmu1+deb9u1 <none>
2018-10-24 22:22:02 status config-files ca-certificates:all 20161130+nmu1+deb9u1
2018-10-24 22:22:02 status config-files ca-certificates:all 20161130+nmu1+deb9u1
2018-10-24 22:22:02 status config-files ca-certificates:all 20161130+nmu1+deb9u1
2018-10-24 22:22:02 status config-files ca-certificates:all 20161130+nmu1+deb9u1
2018-10-24 22:22:02 status config-files ca-certificates:all 20161130+nmu1+deb9u1
2018-10-24 22:22:02 status not-installed ca-certificates:all <none>
2018-10-24 22:22:02 purge dirmngr:amd64 2.1.18-8~deb9u2 <none>
2018-10-24 22:22:02 status config-files dirmngr:amd64 2.1.18-8~deb9u2
2018-10-24 22:22:02 status config-files dirmngr:amd64 2.1.18-8~deb9u2
2018-10-24 22:22:02 status config-files dirmngr:amd64 2.1.18-8~deb9u2
2018-10-24 22:22:02 status config-files dirmngr:amd64 2.1.18-8~deb9u2
2018-10-24 22:22:02 status config-files dirmngr:amd64 2.1.18-8~deb9u2
2018-10-24 22:22:02 status not-installed dirmngr:amd64 <none>
2018-10-24 22:22:02 startup packages configure
